#
# There is insufficient memory for the Java Runtime Environment to continue.
# Native memory allocation (mmap) failed to map 268435456 bytes for Failed to commit area from 0x0000000700c00000 to 0x0000000710c00000 of length 268435456.
# Possible reasons:
#   The system is out of physical RAM or swap space
#   The process is running with CompressedOops enabled, and the Java Heap may be blocking the growth of the native heap
# Possible solutions:
#   Reduce memory load on the system
#   Increase physical memory or swap space
#   Check if swap backing store is full
#   Decrease Java heap size (-Xmx/-Xms)
#   Decrease number of Java threads
#   Decrease Java thread stack sizes (-Xss)
#   Set larger code cache with -XX:ReservedCodeCacheSize=
# This output file may be truncated or incomplete.
#
#  Out of Memory Error (t:/workspace/open/src/hotspot/os/windows/os_windows.cpp:3301), pid=6656, tid=13340
#
# JRE version:  (13.0.2+8) (build )
# Java VM: Java HotSpot(TM) 64-Bit Server VM (13.0.2+8, mixed mode, aot, sharing, tiered, compressed oops, g1 gc, windows-amd64)
# No core dump will be written. Minidumps are not enabled by default on client versions of Windows
#

---------------  S U M M A R Y ------------

Command Line: -Djava.library.path=C:\Users\Ryan\OneDrive\Desktop\opencv\build\java\x64 -Dfile.encoding=Cp1252 Morphing

Host: AMD Ryzen 5 3600 6-Core Processor              , 12 cores, 15G,  Windows 10 , 64 bit Build 18362 (10.0.18362.329)
Time: Fri Mar 20 15:58:09 2020 Pacific Daylight Time elapsed time: 0 seconds (0d 0h 0m 0s)

---------------  T H R E A D  ---------------

Current thread (0x0000024f1eb5d000):  JavaThread "Unknown thread" [_thread_in_vm, id=13340, stack(0x0000008abe900000,0x0000008abea00000)]

Stack: [0x0000008abe900000,0x0000008abea00000]
Native frames: (J=compiled Java code, j=interpreted, Vv=VM code, C=native code)
V  [jvm.dll+0x624f9a]
V  [jvm.dll+0x770cfa]
V  [jvm.dll+0x7724af]
V  [jvm.dll+0x772ab3]
V  [jvm.dll+0x24bf08]
V  [jvm.dll+0x6222aa]
V  [jvm.dll+0x6170b5]
V  [jvm.dll+0x30a88c]
V  [jvm.dll+0x30a6c2]
V  [jvm.dll+0x30fe36]
V  [jvm.dll+0x353f46]
V  [jvm.dll+0x353720]
V  [jvm.dll+0x2e550a]
V  [jvm.dll+0x2e67a2]
V  [jvm.dll+0x74dd78]
V  [jvm.dll+0x361989]
V  [jvm.dll+0x730e65]
V  [jvm.dll+0x3cc53f]
V  [jvm.dll+0x3ce861]
C  [jli.dll+0x51ff]
C  [ucrtbase.dll+0x20e72]
C  [KERNEL32.DLL+0x17bd4]
C  [ntdll.dll+0x6ced1]


---------------  P R O C E S S  ---------------

Threads class SMR info:
_java_thread_list=0x00007ffb762accb8, length=0, elements={
}

Java Threads: ( => current thread )

Other Threads:
  0x0000024f1ebc7800 GCTaskThread "GC Thread#0" [stack: 0x0000008abea00000,0x0000008abeb00000] [id=20040]
  0x0000024f1ebec800 ConcurrentGCThread "G1 Main Marker" [stack: 0x0000008abeb00000,0x0000008abec00000] [id=6264]
  0x0000024f1ebed800 ConcurrentGCThread "G1 Conc#0" [stack: 0x0000008abec00000,0x0000008abed00000] [id=1420]

[error occurred during error reporting (printing all threads), id 0xc0000005, EXCEPTION_ACCESS_VIOLATION (0xc0000005) at pc=0x00007ffb75ae51d7]

VM state:not at safepoint (not fully initialized)

VM Mutex/Monitor currently owned by a thread:  ([mutex/lock_event])
[0x0000024f1eb597d0] Heap_lock - owner thread: 0x0000024f1eb5d000

Heap address: 0x0000000700c00000, size: 4084 MB, Compressed Oops mode: Non-zero based: 0x0000000700c00000
Narrow klass base: 0x0000000000000000, Narrow klass shift: 0

GC Heap History (0 events):
No events

Deoptimization events (0 events):
No events

Classes unloaded (0 events):
No events

Classes redefined (0 events):
No events

Internal exceptions (0 events):
No events

Events (8 events):
Event: 0.008 Loaded shared library C:\Program Files\Java\jdk-13.0.2\bin\zip.dll
Event: 0.008 Loaded shared library C:\Program Files\Java\jdk-13.0.2\bin\jimage.dll
Event: 0.008 Loading shared library C:\Program Files\Java\jdk-13.0.2\lib\libjava.base-coop.dll failed, error code 126
Event: 0.008 Loading shared library C:\Program Files\Java\jdk-13.0.2\lib\libjava.logging-coop.dll failed, error code 126
Event: 0.008 Loading shared library C:\Program Files\Java\jdk-13.0.2\lib\libjdk.compiler-coop.dll failed, error code 126
Event: 0.009 Loading shared library C:\Program Files\Java\jdk-13.0.2\lib\libjdk.scripting.nashorn-coop.dll failed, error code 126
Event: 0.009 Loading shared library C:\Program Files\Java\jdk-13.0.2\lib\libjdk.internal.vm.ci-coop.dll failed, error code 126
Event: 0.009 Loading shared library C:\Program Files\Java\jdk-13.0.2\lib\libjdk.internal.vm.compiler-coop.dll failed, error code 126


Dynamic libraries:
0x00007ff6ec5f0000 - 0x00007ff6ec5ff000 	C:\Program Files\Java\jdk-13.0.2\bin\javaw.exe
0x00007ffbc1000000 - 0x00007ffbc11f0000 	C:\Windows\SYSTEM32\ntdll.dll
0x00007ffbc00a0000 - 0x00007ffbc0152000 	C:\Windows\System32\KERNEL32.DLL
0x00007ffbbea90000 - 0x00007ffbbed33000 	C:\Windows\System32\KERNELBASE.dll
0x00007ffbbe990000 - 0x00007ffbbea8a000 	C:\Windows\System32\ucrtbase.dll
0x00007ffba5240000 - 0x00007ffba5258000 	C:\Program Files\Java\jdk-13.0.2\bin\jli.dll
0x00007ffbbfda0000 - 0x00007ffbbfe43000 	C:\Windows\System32\ADVAPI32.dll
0x00007ffba3730000 - 0x00007ffba3745000 	C:\Program Files\Java\jdk-13.0.2\bin\VCRUNTIME140.dll
0x00007ffbc01c0000 - 0x00007ffbc025e000 	C:\Windows\System32\msvcrt.dll
0x00007ffbc0260000 - 0x00007ffbc02f7000 	C:\Windows\System32\sechost.dll
0x00007ffbbfba0000 - 0x00007ffbbfcc0000 	C:\Windows\System32\RPCRT4.dll
0x00007ffbc06d0000 - 0x00007ffbc0864000 	C:\Windows\System32\USER32.dll
0x00007ffbbf080000 - 0x00007ffbbf0a1000 	C:\Windows\System32\win32u.dll
0x00007ffbbf4d0000 - 0x00007ffbbf4f6000 	C:\Windows\System32\GDI32.dll
0x00007ffbbed40000 - 0x00007ffbbeed4000 	C:\Windows\System32\gdi32full.dll
0x00007ffbbe010000 - 0x00007ffbbe0ae000 	C:\Windows\System32\msvcp_win.dll
0x00007ffbbc890000 - 0x00007ffbbc89a000 	C:\Windows\SYSTEM32\VERSION.dll
0x00007ffbab830000 - 0x00007ffbabab5000 	C:\Windows\WinSxS\amd64_microsoft.windows.common-controls_6595b64144ccf1df_6.0.18362.720_none_e6beb5c51314836b\COMCTL32.dll
0x00007ffbc0390000 - 0x00007ffbc06c6000 	C:\Windows\System32\combase.dll
0x00007ffbbdf90000 - 0x00007ffbbe010000 	C:\Windows\System32\bcryptPrimitives.dll
0x00007ffbbf480000 - 0x00007ffbbf4ae000 	C:\Windows\System32\IMM32.DLL
0x00007ffb8e530000 - 0x00007ffb8e5cb000 	C:\Program Files\Java\jdk-13.0.2\bin\msvcp140.dll
0x00007ffb757f0000 - 0x00007ffb7634d000 	C:\Program Files\Java\jdk-13.0.2\bin\server\jvm.dll
0x00007ffbbf4c0000 - 0x00007ffbbf4c8000 	C:\Windows\System32\PSAPI.DLL
0x00007ffba3640000 - 0x00007ffba3649000 	C:\Windows\SYSTEM32\WSOCK32.dll
0x00007ffbbbc00000 - 0x00007ffbbbc24000 	C:\Windows\SYSTEM32\WINMM.dll
0x00007ffbbfcc0000 - 0x00007ffbbfd2f000 	C:\Windows\System32\WS2_32.dll
0x00007ffbbbbd0000 - 0x00007ffbbbbfd000 	C:\Windows\SYSTEM32\winmmbase.dll
0x00007ffbbeee0000 - 0x00007ffbbef2a000 	C:\Windows\System32\cfgmgr32.dll
0x00007ffbbded0000 - 0x00007ffbbdee1000 	C:\Windows\System32\kernel.appcore.dll
0x00007ffba3610000 - 0x00007ffba3620000 	C:\Program Files\Java\jdk-13.0.2\bin\verify.dll
0x00007ffbaac90000 - 0x00007ffbaae84000 	C:\Windows\SYSTEM32\DBGHELP.DLL
0x00007ffbaab30000 - 0x00007ffbaab5a000 	C:\Windows\SYSTEM32\dbgcore.DLL
0x00007ffba35e0000 - 0x00007ffba3606000 	C:\Program Files\Java\jdk-13.0.2\bin\java.dll
0x00007ffba35c0000 - 0x00007ffba35d7000 	C:\Program Files\Java\jdk-13.0.2\bin\zip.dll
0x00007ffba35b0000 - 0x00007ffba35ba000 	C:\Program Files\Java\jdk-13.0.2\bin\jimage.dll

dbghelp: loaded successfully - version: 4.0.5 - missing functions: none
symbol engine: initialized successfully - sym options: 0x614 - pdb path: .;C:\Program Files\Java\jdk-13.0.2\bin;C:\Windows\SYSTEM32;C:\Windows\WinSxS\amd64_microsoft.windows.common-controls_6595b64144ccf1df_6.0.18362.720_none_e6beb5c51314836b;C:\Program Files\Java\jdk-13.0.2\bin\server

VM Arguments:
jvm_args: -Djava.library.path=C:\Users\Ryan\OneDrive\Desktop\opencv\build\java\x64 -Dfile.encoding=Cp1252 
java_command: Morphing
java_class_path (initial): C:\Users\Ryan\OneDrive\Desktop\455_morphing\bin;C:\Users\Ryan\OneDrive\Desktop\opencv\build\java\opencv-420.jar
Launcher Type: SUN_STANDARD

[Global flags]
     intx CICompilerCount                          = 4                                         {product} {ergonomic}
     uint ConcGCThreads                            = 3                                         {product} {ergonomic}
     uint G1ConcRefinementThreads                  = 10                                        {product} {ergonomic}
   size_t G1HeapRegionSize                         = 1048576                                   {product} {ergonomic}
    uintx GCDrainStackTargetSize                   = 64                                        {product} {ergonomic}
   size_t InitialHeapSize                          = 268435456                                 {product} {ergonomic}
   size_t MarkStackSize                            = 4194304                                   {product} {ergonomic}
   size_t MaxHeapSize                              = 4282384384                                {product} {ergonomic}
   size_t MinHeapDeltaBytes                        = 1048576                                   {product} {ergonomic}
   size_t MinHeapSize                              = 8388608                                   {product} {ergonomic}
    uintx NonNMethodCodeHeapSize                   = 5839372                                {pd product} {ergonomic}
    uintx NonProfiledCodeHeapSize                  = 122909434                              {pd product} {ergonomic}
    uintx ProfiledCodeHeapSize                     = 122909434                              {pd product} {ergonomic}
    uintx ReservedCodeCacheSize                    = 251658240                              {pd product} {ergonomic}
     bool SegmentedCodeCache                       = true                                      {product} {ergonomic}
   size_t SoftMaxHeapSize                          = 4282384384                             {manageable} {ergonomic}
     bool UseCompressedClassPointers               = true                                 {lp64_product} {ergonomic}
     bool UseCompressedOops                        = true                                 {lp64_product} {ergonomic}
     bool UseG1GC                                  = true                                      {product} {ergonomic}
     bool UseLargePagesIndividualAllocation        = false                                  {pd product} {ergonomic}

Logging:
Log output configuration:
 #0: stdout all=warning uptime,level,tags
 #1: stderr all=off uptime,level,tags

Environment Variables:
PATH=C:/Program Files/Java/jdk-13.0.2/bin/server;C:/Program Files/Java/jdk-13.0.2/bin;C:\Program Files (x86)\Common Files\Oracle\Java\javapath;C:\Windows\system32;C:\Windows;C:\Windows\System32\Wbem;C:\Windows\System32\WindowsPowerShell\v1.0\;C:\Windows\System32\OpenSSH\;C:\Program Files (x86)\NVIDIA Corporation\PhysX\Common;C:\Program Files\Git\cmd;C:\Users\Ryan\AppData\Local\Microsoft\WindowsApps;;C:\Users\Ryan\AppData\Local\Programs\Microsoft VS Code\bin;C:\Users\Ryan\OneDrive\Desktop;
USERNAME=Ryan
OS=Windows_NT
PROCESSOR_IDENTIFIER=AMD64 Family 23 Model 113 Stepping 0, AuthenticAMD



---------------  S Y S T E M  ---------------

OS: Windows 10 , 64 bit Build 18362 (10.0.18362.329)

CPU:total 12 (initial active 12) (12 cores per cpu, 2 threads per core) family 23 model 113 stepping 0, cmov, cx8, fxsr, mmx, sse, sse2, sse3, ssse3, sse4.1, sse4.2, popcnt, avx, avx2, aes, clmul, mmxext, 3dnowpref, lzcnt, sse4a, ht, tsc, tscinvbit, tscinv, bmi1, bmi2, adx, sha, fma

Memory: 4k page, system-wide physical 16334M (11810M free)
TotalPageFile size 65486M (AvailPageFile size 228M)
current process WorkingSet (physical memory assigned to process): 10M, peak: 10M
current process commit charge ("private bytes"): 65M, peak: 321M

vm_info: Java HotSpot(TM) 64-Bit Server VM (13.0.2+8) for windows-amd64 JRE (13.0.2+8), built on Dec 11 2019 09:20:33 by "mach5one" with unknown MS VC++:1916

END.
