#
# There is insufficient memory for the Java Runtime Environment to continue.
# Native memory allocation (mmap) failed to map 268435456 bytes for Failed to commit area from 0x0000000700c00000 to 0x0000000710c00000 of length 268435456.
# Possible reasons:
#   The system is out of physical RAM or swap space
#   The process is running with CompressedOops enabled, and the Java Heap may be blocking the growth of the native heap
# Possible solutions:
#   Reduce memory load on the system
#   Increase physical memory or swap space
#   Check if swap backing store is full
#   Decrease Java heap size (-Xmx/-Xms)
#   Decrease number of Java threads
#   Decrease Java thread stack sizes (-Xss)
#   Set larger code cache with -XX:ReservedCodeCacheSize=
# This output file may be truncated or incomplete.
#
#  Out of Memory Error (t:/workspace/open/src/hotspot/os/windows/os_windows.cpp:3301), pid=9732, tid=11844
#
# JRE version:  (13.0.2+8) (build )
# Java VM: Java HotSpot(TM) 64-Bit Server VM (13.0.2+8, mixed mode, aot, sharing, tiered, compressed oops, g1 gc, windows-amd64)
# No core dump will be written. Minidumps are not enabled by default on client versions of Windows
#

---------------  S U M M A R Y ------------

Command Line: -Djava.library.path=C:\Users\Ryan\OneDrive\Desktop\opencv\build\java\x64 -Dfile.encoding=Cp1252 Morphing

Host: AMD Ryzen 5 3600 6-Core Processor              , 12 cores, 15G,  Windows 10 , 64 bit Build 18362 (10.0.18362.329)
Time: Thu Apr  2 17:04:02 2020 Pacific Daylight Time elapsed time: 0 seconds (0d 0h 0m 0s)

---------------  T H R E A D  ---------------

Current thread (0x000001874e9df800):  JavaThread "Unknown thread" [_thread_in_vm, id=11844, stack(0x0000004bae900000,0x0000004baea00000)]

Stack: [0x0000004bae900000,0x0000004baea00000]
Native frames: (J=compiled Java code, j=interpreted, Vv=VM code, C=native code)
V  [jvm.dll+0x624f9a]
V  [jvm.dll+0x770cfa]
V  [jvm.dll+0x7724af]
V  [jvm.dll+0x772ab3]
V  [jvm.dll+0x24bf08]
V  [jvm.dll+0x6222aa]
V  [jvm.dll+0x6170b5]
V  [jvm.dll+0x30a88c]
V  [jvm.dll+0x30a6c2]
V  [jvm.dll+0x30fe36]
V  [jvm.dll+0x353f46]
V  [jvm.dll+0x353720]
V  [jvm.dll+0x2e550a]
V  [jvm.dll+0x2e67a2]
V  [jvm.dll+0x74dd78]
V  [jvm.dll+0x361989]
V  [jvm.dll+0x730e65]
V  [jvm.dll+0x3cc53f]
V  [jvm.dll+0x3ce861]
C  [jli.dll+0x51ff]
C  [ucrtbase.dll+0x20e72]
C  [KERNEL32.DLL+0x17bd4]
C  [ntdll.dll+0x6ced1]


---------------  P R O C E S S  ---------------

Threads class SMR info:
_java_thread_list=0x00007ffb2643ccb8, length=0, elements={
}

Java Threads: ( => current thread )

Other Threads:
  0x000001874ea4b800 GCTaskThread "GC Thread#0" [stack: 0x0000004baea00000,0x0000004baeb00000] [id=6012]
  0x000001874ea6e800 ConcurrentGCThread "G1 Main Marker" [stack: 0x0000004baeb00000,0x0000004baec00000] [id=4708]
  0x000001874ea70000 ConcurrentGCThread "G1 Conc#0" [stack: 0x0000004baec00000,0x0000004baed00000] [id=10864]

[error occurred during error reporting (printing all threads), id 0xc0000005, EXCEPTION_ACCESS_VIOLATION (0xc0000005) at pc=0x00007ffb25c751d7]

VM state:not at safepoint (not fully initialized)

VM Mutex/Monitor currently owned by a thread:  ([mutex/lock_event])
[0x000001874e9dcd40] Heap_lock - owner thread: 0x000001874e9df800

Heap address: 0x0000000700c00000, size: 4084 MB, Compressed Oops mode: Non-zero based: 0x0000000700c00000
Narrow klass base: 0x0000000000000000, Narrow klass shift: 0

GC Heap History (0 events):
No events

Deoptimization events (0 events):
No events

Classes unloaded (0 events):
No events

Classes redefined (0 events):
No events

Internal exceptions (0 events):
No events

Events (8 events):
Event: 0.003 Loaded shared library C:\Program Files\Java\jdk-13.0.2\bin\zip.dll
Event: 0.004 Loaded shared library C:\Program Files\Java\jdk-13.0.2\bin\jimage.dll
Event: 0.004 Loading shared library C:\Program Files\Java\jdk-13.0.2\lib\libjava.base-coop.dll failed, error code 126
Event: 0.004 Loading shared library C:\Program Files\Java\jdk-13.0.2\lib\libjava.logging-coop.dll failed, error code 126
Event: 0.004 Loading shared library C:\Program Files\Java\jdk-13.0.2\lib\libjdk.compiler-coop.dll failed, error code 126
Event: 0.004 Loading shared library C:\Program Files\Java\jdk-13.0.2\lib\libjdk.scripting.nashorn-coop.dll failed, error code 126
Event: 0.004 Loading shared library C:\Program Files\Java\jdk-13.0.2\lib\libjdk.internal.vm.ci-coop.dll failed, error code 126
Event: 0.004 Loading shared library C:\Program Files\Java\jdk-13.0.2\lib\libjdk.internal.vm.compiler-coop.dll failed, error code 126


Dynamic libraries:
0x00007ff7d4890000 - 0x00007ff7d489f000 	C:\Program Files\Java\jdk-13.0.2\bin\javaw.exe
0x00007ffb576e0000 - 0x00007ffb578d0000 	C:\Windows\SYSTEM32\ntdll.dll
0x00007ffb568e0000 - 0x00007ffb56992000 	C:\Windows\System32\KERNEL32.DLL
0x00007ffb552c0000 - 0x00007ffb55563000 	C:\Windows\System32\KERNELBASE.dll
0x00007ffb54840000 - 0x00007ffb5493a000 	C:\Windows\System32\ucrtbase.dll
0x00007ffb4b960000 - 0x00007ffb4b978000 	C:\Program Files\Java\jdk-13.0.2\bin\jli.dll
0x00007ffb4b880000 - 0x00007ffb4b895000 	C:\Program Files\Java\jdk-13.0.2\bin\VCRUNTIME140.dll
0x00007ffb56ca0000 - 0x00007ffb56d43000 	C:\Windows\System32\ADVAPI32.dll
0x00007ffb557a0000 - 0x00007ffb5583e000 	C:\Windows\System32\msvcrt.dll
0x00007ffb57600000 - 0x00007ffb57697000 	C:\Windows\System32\sechost.dll
0x00007ffb560f0000 - 0x00007ffb56210000 	C:\Windows\System32\RPCRT4.dll
0x00007ffb569a0000 - 0x00007ffb56b34000 	C:\Windows\System32\USER32.dll
0x00007ffb54940000 - 0x00007ffb54961000 	C:\Windows\System32\win32u.dll
0x00007ffb41890000 - 0x00007ffb41b15000 	C:\Windows\WinSxS\amd64_microsoft.windows.common-controls_6595b64144ccf1df_6.0.18362.720_none_e6beb5c51314836b\COMCTL32.dll
0x00007ffb564e0000 - 0x00007ffb56506000 	C:\Windows\System32\GDI32.dll
0x00007ffb546a0000 - 0x00007ffb54834000 	C:\Windows\System32\gdi32full.dll
0x00007ffb54970000 - 0x00007ffb54a0e000 	C:\Windows\System32\msvcp_win.dll
0x00007ffb56570000 - 0x00007ffb568a6000 	C:\Windows\System32\combase.dll
0x00007ffb54ac0000 - 0x00007ffb54b40000 	C:\Windows\System32\bcryptPrimitives.dll
0x00007ffb4f7c0000 - 0x00007ffb4f7ca000 	C:\Windows\SYSTEM32\VERSION.dll
0x00007ffb568b0000 - 0x00007ffb568de000 	C:\Windows\System32\IMM32.DLL
0x00007ffb39ef0000 - 0x00007ffb39f8b000 	C:\Program Files\Java\jdk-13.0.2\bin\msvcp140.dll
0x00007ffb25980000 - 0x00007ffb264dd000 	C:\Program Files\Java\jdk-13.0.2\bin\server\jvm.dll
0x00007ffb55c00000 - 0x00007ffb55c08000 	C:\Windows\System32\PSAPI.DLL
0x00007ffb52520000 - 0x00007ffb52544000 	C:\Windows\SYSTEM32\WINMM.dll
0x00007ffb510c0000 - 0x00007ffb510c9000 	C:\Windows\SYSTEM32\WSOCK32.dll
0x00007ffb56210000 - 0x00007ffb5627f000 	C:\Windows\System32\WS2_32.dll
0x00007ffb524e0000 - 0x00007ffb5250d000 	C:\Windows\SYSTEM32\WINMMBASE.dll
0x00007ffb54a70000 - 0x00007ffb54aba000 	C:\Windows\System32\cfgmgr32.dll
0x00007ffb545d0000 - 0x00007ffb545e1000 	C:\Windows\System32\kernel.appcore.dll
0x00007ffb50c70000 - 0x00007ffb50c80000 	C:\Program Files\Java\jdk-13.0.2\bin\verify.dll
0x00007ffb41590000 - 0x00007ffb41784000 	C:\Windows\SYSTEM32\DBGHELP.DLL
0x00007ffb41440000 - 0x00007ffb4146a000 	C:\Windows\SYSTEM32\dbgcore.DLL
0x00007ffb4d410000 - 0x00007ffb4d436000 	C:\Program Files\Java\jdk-13.0.2\bin\java.dll
0x00007ffb508c0000 - 0x00007ffb508d7000 	C:\Program Files\Java\jdk-13.0.2\bin\zip.dll
0x00007ffb507f0000 - 0x00007ffb507fa000 	C:\Program Files\Java\jdk-13.0.2\bin\jimage.dll

dbghelp: loaded successfully - version: 4.0.5 - missing functions: none
symbol engine: initialized successfully - sym options: 0x614 - pdb path: .;C:\Program Files\Java\jdk-13.0.2\bin;C:\Windows\SYSTEM32;C:\Windows\WinSxS\amd64_microsoft.windows.common-controls_6595b64144ccf1df_6.0.18362.720_none_e6beb5c51314836b;C:\Program Files\Java\jdk-13.0.2\bin\server

VM Arguments:
jvm_args: -Djava.library.path=C:\Users\Ryan\OneDrive\Desktop\opencv\build\java\x64 -Dfile.encoding=Cp1252 
java_command: Morphing
java_class_path (initial): C:\Users\Ryan\OneDrive\Desktop\455_morphing\bin;C:\Users\Ryan\OneDrive\Desktop\opencv\build\java\opencv-420.jar
Launcher Type: SUN_STANDARD

[Global flags]
     intx CICompilerCount                          = 4                                         {product} {ergonomic}
     uint ConcGCThreads                            = 3                                         {product} {ergonomic}
     uint G1ConcRefinementThreads                  = 10                                        {product} {ergonomic}
   size_t G1HeapRegionSize                         = 1048576                                   {product} {ergonomic}
    uintx GCDrainStackTargetSize                   = 64                                        {product} {ergonomic}
   size_t InitialHeapSize                          = 268435456                                 {product} {ergonomic}
   size_t MarkStackSize                            = 4194304                                   {product} {ergonomic}
   size_t MaxHeapSize                              = 4282384384                                {product} {ergonomic}
   size_t MinHeapDeltaBytes                        = 1048576                                   {product} {ergonomic}
   size_t MinHeapSize                              = 8388608                                   {product} {ergonomic}
    uintx NonNMethodCodeHeapSize                   = 5839372                                {pd product} {ergonomic}
    uintx NonProfiledCodeHeapSize                  = 122909434                              {pd product} {ergonomic}
    uintx ProfiledCodeHeapSize                     = 122909434                              {pd product} {ergonomic}
    uintx ReservedCodeCacheSize                    = 251658240                              {pd product} {ergonomic}
     bool SegmentedCodeCache                       = true                                      {product} {ergonomic}
   size_t SoftMaxHeapSize                          = 4282384384                             {manageable} {ergonomic}
     bool UseCompressedClassPointers               = true                                 {lp64_product} {ergonomic}
     bool UseCompressedOops                        = true                                 {lp64_product} {ergonomic}
     bool UseG1GC                                  = true                                      {product} {ergonomic}
     bool UseLargePagesIndividualAllocation        = false                                  {pd product} {ergonomic}

Logging:
Log output configuration:
 #0: stdout all=warning uptime,level,tags
 #1: stderr all=off uptime,level,tags

Environment Variables:
PATH=C:/Program Files/Java/jdk-13.0.2/bin/server;C:/Program Files/Java/jdk-13.0.2/bin;C:\Program Files (x86)\Common Files\Oracle\Java\javapath;C:\Windows\system32;C:\Windows;C:\Windows\System32\Wbem;C:\Windows\System32\WindowsPowerShell\v1.0\;C:\Windows\System32\OpenSSH\;C:\Program Files (x86)\NVIDIA Corporation\PhysX\Common;C:\Program Files\Git\cmd;C:\Users\Ryan\AppData\Local\Microsoft\WindowsApps;;C:\Users\Ryan\AppData\Local\Programs\Microsoft VS Code\bin;C:\Users\Ryan\OneDrive\Desktop;
USERNAME=Ryan
OS=Windows_NT
PROCESSOR_IDENTIFIER=AMD64 Family 23 Model 113 Stepping 0, AuthenticAMD



---------------  S Y S T E M  ---------------

OS: Windows 10 , 64 bit Build 18362 (10.0.18362.329)

CPU:total 12 (initial active 12) (12 cores per cpu, 2 threads per core) family 23 model 113 stepping 0, cmov, cx8, fxsr, mmx, sse, sse2, sse3, ssse3, sse4.1, sse4.2, popcnt, avx, avx2, aes, clmul, mmxext, 3dnowpref, lzcnt, sse4a, ht, tsc, tscinvbit, tscinv, bmi1, bmi2, adx, sha, fma

Memory: 4k page, system-wide physical 16334M (3416M free)
TotalPageFile size 65486M (AvailPageFile size 43M)
current process WorkingSet (physical memory assigned to process): 10M, peak: 10M
current process commit charge ("private bytes"): 65M, peak: 321M

vm_info: Java HotSpot(TM) 64-Bit Server VM (13.0.2+8) for windows-amd64 JRE (13.0.2+8), built on Dec 11 2019 09:20:33 by "mach5one" with unknown MS VC++:1916

END.
