#
# There is insufficient memory for the Java Runtime Environment to continue.
# Native memory allocation (malloc) failed to allocate 236336 bytes for Chunk::new
# Possible reasons:
#   The system is out of physical RAM or swap space
#   The process is running with CompressedOops enabled, and the Java Heap may be blocking the growth of the native heap
# Possible solutions:
#   Reduce memory load on the system
#   Increase physical memory or swap space
#   Check if swap backing store is full
#   Decrease Java heap size (-Xmx/-Xms)
#   Decrease number of Java threads
#   Decrease Java thread stack sizes (-Xss)
#   Set larger code cache with -XX:ReservedCodeCacheSize=
#   JVM is running with Zero Based Compressed Oops mode in which the Java heap is
#     placed in the first 32GB address space. The Java Heap base address is the
#     maximum limit for the native heap growth. Please use -XX:HeapBaseMinAddress
#     to set the Java Heap base and to place the Java Heap above 32GB virtual address.
# This output file may be truncated or incomplete.
#
#  Out of Memory Error (t:/workspace/open/src/hotspot/share/memory/arena.cpp:196), pid=11340, tid=26636
#
# JRE version: Java(TM) SE Runtime Environment (13.0.2+8) (build 13.0.2+8)
# Java VM: Java HotSpot(TM) 64-Bit Server VM (13.0.2+8, mixed mode, sharing, tiered, compressed oops, g1 gc, windows-amd64)
# No core dump will be written. Minidumps are not enabled by default on client versions of Windows
#

---------------  S U M M A R Y ------------

Command Line: -Djava.library.path=C:\Users\Ryan\OneDrive\Desktop\opencv\build\java\x64 -Dfile.encoding=Cp1252 Morphing

Host: AMD Ryzen 5 3600 6-Core Processor              , 12 cores, 15G,  Windows 10 , 64 bit Build 18362 (10.0.18362.329)
Time: Fri Mar 20 14:10:46 2020 Pacific Daylight Time elapsed time: 5535 seconds (0d 1h 32m 15s)

---------------  T H R E A D  ---------------

Current thread (0x0000018270f16000):  JavaThread "C2 CompilerThread0" daemon [_thread_in_native, id=26636, stack(0x0000006270800000,0x0000006270900000)]


Current CompileTask:
C2:5535690  841 % !   4       sun.java2d.d3d.D3DScreenUpdateManager::run @ 105 (267 bytes)

Stack: [0x0000006270800000,0x0000006270900000]
Native frames: (J=compiled Java code, j=interpreted, Vv=VM code, C=native code)
V  [jvm.dll+0x624f9a]
V  [jvm.dll+0x770cfa]
V  [jvm.dll+0x7724af]
V  [jvm.dll+0x772ab3]
V  [jvm.dll+0x24bf08]
V  [jvm.dll+0xc1e47]
V  [jvm.dll+0xc23cc]
V  [jvm.dll+0x35c068]
V  [jvm.dll+0x327803]
V  [jvm.dll+0x326bda]
V  [jvm.dll+0x205c27]
V  [jvm.dll+0x204e3f]
V  [jvm.dll+0x189c2c]
V  [jvm.dll+0x213e6d]
V  [jvm.dll+0x2120bb]
V  [jvm.dll+0x736bb6]
V  [jvm.dll+0x72fcaa]
V  [jvm.dll+0x623ea6]
C  [ucrtbase.dll+0x20e72]
C  [KERNEL32.DLL+0x17bd4]
C  [ntdll.dll+0x6ced1]


---------------  P R O C E S S  ---------------

Threads class SMR info:
_java_thread_list=0x00000182718a19a0, length=15, elements={
0x0000018270ef1000, 0x0000018270ef3800, 0x0000018270f0e800, 0x0000018270f11800,
0x0000018270f16000, 0x0000018270f21000, 0x0000018270f2a800, 0x000001827105e000,
0x00000182710a0000, 0x0000018271070800, 0x000001827172c000, 0x000001827172e000,
0x000001827158b800, 0x00000182715c9800, 0x000001824c5af800
}

Java Threads: ( => current thread )
  0x0000018270ef1000 JavaThread "Reference Handler" daemon [_thread_blocked, id=23700, stack(0x0000006270400000,0x0000006270500000)]
  0x0000018270ef3800 JavaThread "Finalizer" daemon [_thread_blocked, id=16072, stack(0x0000006270500000,0x0000006270600000)]
  0x0000018270f0e800 JavaThread "Signal Dispatcher" daemon [_thread_blocked, id=26628, stack(0x0000006270600000,0x0000006270700000)]
  0x0000018270f11800 JavaThread "Attach Listener" daemon [_thread_blocked, id=26632, stack(0x0000006270700000,0x0000006270800000)]
=>0x0000018270f16000 JavaThread "C2 CompilerThread0" daemon [_thread_in_native, id=26636, stack(0x0000006270800000,0x0000006270900000)]
  0x0000018270f21000 JavaThread "C1 CompilerThread0" daemon [_thread_blocked, id=26640, stack(0x0000006270900000,0x0000006270a00000)]
  0x0000018270f2a800 JavaThread "Sweeper thread" daemon [_thread_blocked, id=26644, stack(0x0000006270a00000,0x0000006270b00000)]
  0x000001827105e000 JavaThread "Service Thread" daemon [_thread_blocked, id=26648, stack(0x0000006270b00000,0x0000006270c00000)]
  0x00000182710a0000 JavaThread "Common-Cleaner" daemon [_thread_blocked, id=26656, stack(0x0000006270d00000,0x0000006270e00000)]
  0x0000018271070800 JavaThread "Java2D Disposer" daemon [_thread_blocked, id=26832, stack(0x0000006271f00000,0x0000006272000000)]
  0x000001827172c000 JavaThread "AWT-Shutdown" [_thread_blocked, id=26836, stack(0x0000006272000000,0x0000006272100000)]
  0x000001827172e000 JavaThread "AWT-Windows" daemon [_thread_in_native, id=26840, stack(0x0000006272100000,0x0000006272200000)]
  0x000001827158b800 JavaThread "AWT-EventQueue-0" [_thread_blocked, id=26880, stack(0x0000006272400000,0x0000006272500000)]
  0x00000182715c9800 JavaThread "D3D Screen Updater" daemon [_thread_blocked, id=26884, stack(0x0000006272500000,0x0000006272600000)]
  0x000001824c5af800 JavaThread "DestroyJavaVM" [_thread_blocked, id=25980, stack(0x000000626fd00000,0x000000626fe00000)]

Other Threads:
  0x0000018270ef0000 VMThread "VM Thread" [stack: 0x0000006270300000,0x0000006270400000] [id=26220]
  0x000001827109c800 WatcherThread [stack: 0x0000006270c00000,0x0000006270d00000] [id=26652]
  0x000001824c61b000 GCTaskThread "GC Thread#0" [stack: 0x000000626fe00000,0x000000626ff00000] [id=1964]
  0x000001824c63f000 ConcurrentGCThread "G1 Main Marker" [stack: 0x000000626ff00000,0x0000006270000000] [id=25636]
  0x000001824c640800 ConcurrentGCThread "G1 Conc#0" [stack: 0x0000006270000000,0x0000006270100000] [id=24640]
  0x000001826fce9000 ConcurrentGCThread "G1 Refine#0" [stack: 0x0000006270100000,0x0000006270200000] [id=26536]
  0x000001826fced000 ConcurrentGCThread "G1 Young RemSet Sampling" [stack: 0x0000006270200000,0x0000006270300000] [id=25784]

Threads with active compile tasks:
C2 CompilerThread0  5535711  841 % !   4       sun.java2d.d3d.D3DScreenUpdateManager::run @ 105 (267 bytes)

VM state:not at safepoint (normal execution)

VM Mutex/Monitor currently owned by a thread: None

Heap address: 0x0000000700c00000, size: 4084 MB, Compressed Oops mode: Zero based, Oop shift amount: 3
Narrow klass base: 0x0000000800000000, Narrow klass shift: 3
Compressed class space size: 1073741824 Address: 0x0000000800b40000

Heap:
 garbage-first heap   total 262144K, used 26624K [0x0000000700c00000, 0x0000000800000000)
  region size 1024K, 10 young (10240K), 0 survivors (0K)
 Metaspace       used 8652K, capacity 8882K, committed 8960K, reserved 1056768K
  class space    used 907K, capacity 1017K, committed 1024K, reserved 1048576K
Heap Regions: E=young(eden), S=young(survivor), O=old, HS=humongous(starts), HC=humongous(continues), CS=collection set, F=free, A=archive, TAMS=top-at-mark-start (previous, next)
|   0|0x0000000700c00000, 0x0000000700d00000, 0x0000000700d00000|100%|HS|  |TAMS 0x0000000700c00000, 0x0000000700c00000| Complete 
|   1|0x0000000700d00000, 0x0000000700e00000, 0x0000000700e00000|100%|HC|  |TAMS 0x0000000700d00000, 0x0000000700d00000| Complete 
|   2|0x0000000700e00000, 0x0000000700f00000, 0x0000000700f00000|100%|HC|  |TAMS 0x0000000700e00000, 0x0000000700e00000| Complete 
|   3|0x0000000700f00000, 0x0000000701000000, 0x0000000701000000|100%|HC|  |TAMS 0x0000000700f00000, 0x0000000700f00000| Complete 
|   4|0x0000000701000000, 0x0000000701100000, 0x0000000701100000|100%|HC|  |TAMS 0x0000000701000000, 0x0000000701000000| Complete 
|   5|0x0000000701100000, 0x0000000701200000, 0x0000000701200000|100%|HC|  |TAMS 0x0000000701100000, 0x0000000701100000| Complete 
|   6|0x0000000701200000, 0x0000000701300000, 0x0000000701300000|100%|HC|  |TAMS 0x0000000701200000, 0x0000000701200000| Complete 
|   7|0x0000000701300000, 0x0000000701400000, 0x0000000701400000|100%|HC|  |TAMS 0x0000000701300000, 0x0000000701300000| Complete 
|   8|0x0000000701400000, 0x0000000701500000, 0x0000000701500000|100%|HC|  |TAMS 0x0000000701400000, 0x0000000701400000| Complete 
|   9|0x0000000701500000, 0x0000000701600000, 0x0000000701600000|100%|HS|  |TAMS 0x0000000701500000, 0x0000000701500000| Complete 
|  10|0x0000000701600000, 0x0000000701700000, 0x0000000701700000|100%|HC|  |TAMS 0x0000000701600000, 0x0000000701600000| Complete 
|  11|0x0000000701700000, 0x0000000701800000, 0x0000000701800000|100%|HC|  |TAMS 0x0000000701700000, 0x0000000701700000| Complete 
|  12|0x0000000701800000, 0x0000000701900000, 0x0000000701900000|100%|HC|  |TAMS 0x0000000701800000, 0x0000000701800000| Complete 
|  13|0x0000000701900000, 0x0000000701a00000, 0x0000000701a00000|100%|HC|  |TAMS 0x0000000701900000, 0x0000000701900000| Complete 
|  14|0x0000000701a00000, 0x0000000701b00000, 0x0000000701b00000|100%|HC|  |TAMS 0x0000000701a00000, 0x0000000701a00000| Complete 
|  15|0x0000000701b00000, 0x0000000701c00000, 0x0000000701c00000|100%|HC|  |TAMS 0x0000000701b00000, 0x0000000701b00000| Complete 
|  16|0x0000000701c00000, 0x0000000701d00000, 0x0000000701d00000|100%|HC|  |TAMS 0x0000000701c00000, 0x0000000701c00000| Complete 
|  17|0x0000000701d00000, 0x0000000701e00000, 0x0000000701e00000|100%|HC|  |TAMS 0x0000000701d00000, 0x0000000701d00000| Complete 
|  18|0x0000000701e00000, 0x0000000701e00000, 0x0000000701f00000|  0%| F|  |TAMS 0x0000000701e00000, 0x0000000701e00000| Untracked 
|  19|0x0000000701f00000, 0x0000000701f00000, 0x0000000702000000|  0%| F|  |TAMS 0x0000000701f00000, 0x0000000701f00000| Untracked 
|  20|0x0000000702000000, 0x0000000702000000, 0x0000000702100000|  0%| F|  |TAMS 0x0000000702000000, 0x0000000702000000| Untracked 
|  21|0x0000000702100000, 0x0000000702100000, 0x0000000702200000|  0%| F|  |TAMS 0x0000000702100000, 0x0000000702100000| Untracked 
|  22|0x0000000702200000, 0x0000000702200000, 0x0000000702300000|  0%| F|  |TAMS 0x0000000702200000, 0x0000000702200000| Untracked 
|  23|0x0000000702300000, 0x0000000702300000, 0x0000000702400000|  0%| F|  |TAMS 0x0000000702300000, 0x0000000702300000| Untracked 
|  24|0x0000000702400000, 0x0000000702400000, 0x0000000702500000|  0%| F|  |TAMS 0x0000000702400000, 0x0000000702400000| Untracked 
|  25|0x0000000702500000, 0x0000000702500000, 0x0000000702600000|  0%| F|  |TAMS 0x0000000702500000, 0x0000000702500000| Untracked 
|  26|0x0000000702600000, 0x0000000702600000, 0x0000000702700000|  0%| F|  |TAMS 0x0000000702600000, 0x0000000702600000| Untracked 
|  27|0x0000000702700000, 0x0000000702700000, 0x0000000702800000|  0%| F|  |TAMS 0x0000000702700000, 0x0000000702700000| Untracked 
|  28|0x0000000702800000, 0x0000000702800000, 0x0000000702900000|  0%| F|  |TAMS 0x0000000702800000, 0x0000000702800000| Untracked 
|  29|0x0000000702900000, 0x0000000702900000, 0x0000000702a00000|  0%| F|  |TAMS 0x0000000702900000, 0x0000000702900000| Untracked 
|  30|0x0000000702a00000, 0x0000000702a00000, 0x0000000702b00000|  0%| F|  |TAMS 0x0000000702a00000, 0x0000000702a00000| Untracked 
|  31|0x0000000702b00000, 0x0000000702b00000, 0x0000000702c00000|  0%| F|  |TAMS 0x0000000702b00000, 0x0000000702b00000| Untracked 
|  32|0x0000000702c00000, 0x0000000702c00000, 0x0000000702d00000|  0%| F|  |TAMS 0x0000000702c00000, 0x0000000702c00000| Untracked 
|  33|0x0000000702d00000, 0x0000000702d00000, 0x0000000702e00000|  0%| F|  |TAMS 0x0000000702d00000, 0x0000000702d00000| Untracked 
|  34|0x0000000702e00000, 0x0000000702e00000, 0x0000000702f00000|  0%| F|  |TAMS 0x0000000702e00000, 0x0000000702e00000| Untracked 
|  35|0x0000000702f00000, 0x0000000702f00000, 0x0000000703000000|  0%| F|  |TAMS 0x0000000702f00000, 0x0000000702f00000| Untracked 
|  36|0x0000000703000000, 0x0000000703000000, 0x0000000703100000|  0%| F|  |TAMS 0x0000000703000000, 0x0000000703000000| Untracked 
|  37|0x0000000703100000, 0x0000000703100000, 0x0000000703200000|  0%| F|  |TAMS 0x0000000703100000, 0x0000000703100000| Untracked 
|  38|0x0000000703200000, 0x0000000703200000, 0x0000000703300000|  0%| F|  |TAMS 0x0000000703200000, 0x0000000703200000| Untracked 
|  39|0x0000000703300000, 0x0000000703300000, 0x0000000703400000|  0%| F|  |TAMS 0x0000000703300000, 0x0000000703300000| Untracked 
|  40|0x0000000703400000, 0x0000000703400000, 0x0000000703500000|  0%| F|  |TAMS 0x0000000703400000, 0x0000000703400000| Untracked 
|  41|0x0000000703500000, 0x0000000703500000, 0x0000000703600000|  0%| F|  |TAMS 0x0000000703500000, 0x0000000703500000| Untracked 
|  42|0x0000000703600000, 0x0000000703600000, 0x0000000703700000|  0%| F|  |TAMS 0x0000000703600000, 0x0000000703600000| Untracked 
|  43|0x0000000703700000, 0x0000000703700000, 0x0000000703800000|  0%| F|  |TAMS 0x0000000703700000, 0x0000000703700000| Untracked 
|  44|0x0000000703800000, 0x0000000703800000, 0x0000000703900000|  0%| F|  |TAMS 0x0000000703800000, 0x0000000703800000| Untracked 
|  45|0x0000000703900000, 0x0000000703900000, 0x0000000703a00000|  0%| F|  |TAMS 0x0000000703900000, 0x0000000703900000| Untracked 
|  46|0x0000000703a00000, 0x0000000703a00000, 0x0000000703b00000|  0%| F|  |TAMS 0x0000000703a00000, 0x0000000703a00000| Untracked 
|  47|0x0000000703b00000, 0x0000000703b00000, 0x0000000703c00000|  0%| F|  |TAMS 0x0000000703b00000, 0x0000000703b00000| Untracked 
|  48|0x0000000703c00000, 0x0000000703c00000, 0x0000000703d00000|  0%| F|  |TAMS 0x0000000703c00000, 0x0000000703c00000| Untracked 
|  49|0x0000000703d00000, 0x0000000703d00000, 0x0000000703e00000|  0%| F|  |TAMS 0x0000000703d00000, 0x0000000703d00000| Untracked 
|  50|0x0000000703e00000, 0x0000000703e00000, 0x0000000703f00000|  0%| F|  |TAMS 0x0000000703e00000, 0x0000000703e00000| Untracked 
|  51|0x0000000703f00000, 0x0000000703f00000, 0x0000000704000000|  0%| F|  |TAMS 0x0000000703f00000, 0x0000000703f00000| Untracked 
|  52|0x0000000704000000, 0x0000000704000000, 0x0000000704100000|  0%| F|  |TAMS 0x0000000704000000, 0x0000000704000000| Untracked 
|  53|0x0000000704100000, 0x0000000704100000, 0x0000000704200000|  0%| F|  |TAMS 0x0000000704100000, 0x0000000704100000| Untracked 
|  54|0x0000000704200000, 0x0000000704200000, 0x0000000704300000|  0%| F|  |TAMS 0x0000000704200000, 0x0000000704200000| Untracked 
|  55|0x0000000704300000, 0x0000000704300000, 0x0000000704400000|  0%| F|  |TAMS 0x0000000704300000, 0x0000000704300000| Untracked 
|  56|0x0000000704400000, 0x0000000704400000, 0x0000000704500000|  0%| F|  |TAMS 0x0000000704400000, 0x0000000704400000| Untracked 
|  57|0x0000000704500000, 0x0000000704500000, 0x0000000704600000|  0%| F|  |TAMS 0x0000000704500000, 0x0000000704500000| Untracked 
|  58|0x0000000704600000, 0x0000000704600000, 0x0000000704700000|  0%| F|  |TAMS 0x0000000704600000, 0x0000000704600000| Untracked 
|  59|0x0000000704700000, 0x0000000704700000, 0x0000000704800000|  0%| F|  |TAMS 0x0000000704700000, 0x0000000704700000| Untracked 
|  60|0x0000000704800000, 0x0000000704800000, 0x0000000704900000|  0%| F|  |TAMS 0x0000000704800000, 0x0000000704800000| Untracked 
|  61|0x0000000704900000, 0x0000000704900000, 0x0000000704a00000|  0%| F|  |TAMS 0x0000000704900000, 0x0000000704900000| Untracked 
|  62|0x0000000704a00000, 0x0000000704a00000, 0x0000000704b00000|  0%| F|  |TAMS 0x0000000704a00000, 0x0000000704a00000| Untracked 
|  63|0x0000000704b00000, 0x0000000704b00000, 0x0000000704c00000|  0%| F|  |TAMS 0x0000000704b00000, 0x0000000704b00000| Untracked 
|  64|0x0000000704c00000, 0x0000000704c00000, 0x0000000704d00000|  0%| F|  |TAMS 0x0000000704c00000, 0x0000000704c00000| Untracked 
|  65|0x0000000704d00000, 0x0000000704d00000, 0x0000000704e00000|  0%| F|  |TAMS 0x0000000704d00000, 0x0000000704d00000| Untracked 
|  66|0x0000000704e00000, 0x0000000704e00000, 0x0000000704f00000|  0%| F|  |TAMS 0x0000000704e00000, 0x0000000704e00000| Untracked 
|  67|0x0000000704f00000, 0x0000000704f00000, 0x0000000705000000|  0%| F|  |TAMS 0x0000000704f00000, 0x0000000704f00000| Untracked 
|  68|0x0000000705000000, 0x0000000705000000, 0x0000000705100000|  0%| F|  |TAMS 0x0000000705000000, 0x0000000705000000| Untracked 
|  69|0x0000000705100000, 0x0000000705100000, 0x0000000705200000|  0%| F|  |TAMS 0x0000000705100000, 0x0000000705100000| Untracked 
|  70|0x0000000705200000, 0x0000000705200000, 0x0000000705300000|  0%| F|  |TAMS 0x0000000705200000, 0x0000000705200000| Untracked 
|  71|0x0000000705300000, 0x0000000705300000, 0x0000000705400000|  0%| F|  |TAMS 0x0000000705300000, 0x0000000705300000| Untracked 
|  72|0x0000000705400000, 0x0000000705400000, 0x0000000705500000|  0%| F|  |TAMS 0x0000000705400000, 0x0000000705400000| Untracked 
|  73|0x0000000705500000, 0x0000000705500000, 0x0000000705600000|  0%| F|  |TAMS 0x0000000705500000, 0x0000000705500000| Untracked 
|  74|0x0000000705600000, 0x0000000705600000, 0x0000000705700000|  0%| F|  |TAMS 0x0000000705600000, 0x0000000705600000| Untracked 
|  75|0x0000000705700000, 0x0000000705700000, 0x0000000705800000|  0%| F|  |TAMS 0x0000000705700000, 0x0000000705700000| Untracked 
|  76|0x0000000705800000, 0x0000000705800000, 0x0000000705900000|  0%| F|  |TAMS 0x0000000705800000, 0x0000000705800000| Untracked 
|  77|0x0000000705900000, 0x0000000705900000, 0x0000000705a00000|  0%| F|  |TAMS 0x0000000705900000, 0x0000000705900000| Untracked 
|  78|0x0000000705a00000, 0x0000000705a00000, 0x0000000705b00000|  0%| F|  |TAMS 0x0000000705a00000, 0x0000000705a00000| Untracked 
|  79|0x0000000705b00000, 0x0000000705b00000, 0x0000000705c00000|  0%| F|  |TAMS 0x0000000705b00000, 0x0000000705b00000| Untracked 
|  80|0x0000000705c00000, 0x0000000705c00000, 0x0000000705d00000|  0%| F|  |TAMS 0x0000000705c00000, 0x0000000705c00000| Untracked 
|  81|0x0000000705d00000, 0x0000000705d00000, 0x0000000705e00000|  0%| F|  |TAMS 0x0000000705d00000, 0x0000000705d00000| Untracked 
|  82|0x0000000705e00000, 0x0000000705e00000, 0x0000000705f00000|  0%| F|  |TAMS 0x0000000705e00000, 0x0000000705e00000| Untracked 
|  83|0x0000000705f00000, 0x0000000705f00000, 0x0000000706000000|  0%| F|  |TAMS 0x0000000705f00000, 0x0000000705f00000| Untracked 
|  84|0x0000000706000000, 0x0000000706000000, 0x0000000706100000|  0%| F|  |TAMS 0x0000000706000000, 0x0000000706000000| Untracked 
|  85|0x0000000706100000, 0x0000000706100000, 0x0000000706200000|  0%| F|  |TAMS 0x0000000706100000, 0x0000000706100000| Untracked 
|  86|0x0000000706200000, 0x0000000706200000, 0x0000000706300000|  0%| F|  |TAMS 0x0000000706200000, 0x0000000706200000| Untracked 
|  87|0x0000000706300000, 0x0000000706300000, 0x0000000706400000|  0%| F|  |TAMS 0x0000000706300000, 0x0000000706300000| Untracked 
|  88|0x0000000706400000, 0x0000000706400000, 0x0000000706500000|  0%| F|  |TAMS 0x0000000706400000, 0x0000000706400000| Untracked 
|  89|0x0000000706500000, 0x0000000706500000, 0x0000000706600000|  0%| F|  |TAMS 0x0000000706500000, 0x0000000706500000| Untracked 
|  90|0x0000000706600000, 0x0000000706600000, 0x0000000706700000|  0%| F|  |TAMS 0x0000000706600000, 0x0000000706600000| Untracked 
|  91|0x0000000706700000, 0x0000000706700000, 0x0000000706800000|  0%| F|  |TAMS 0x0000000706700000, 0x0000000706700000| Untracked 
|  92|0x0000000706800000, 0x0000000706800000, 0x0000000706900000|  0%| F|  |TAMS 0x0000000706800000, 0x0000000706800000| Untracked 
|  93|0x0000000706900000, 0x0000000706900000, 0x0000000706a00000|  0%| F|  |TAMS 0x0000000706900000, 0x0000000706900000| Untracked 
|  94|0x0000000706a00000, 0x0000000706a00000, 0x0000000706b00000|  0%| F|  |TAMS 0x0000000706a00000, 0x0000000706a00000| Untracked 
|  95|0x0000000706b00000, 0x0000000706b00000, 0x0000000706c00000|  0%| F|  |TAMS 0x0000000706b00000, 0x0000000706b00000| Untracked 
|  96|0x0000000706c00000, 0x0000000706c00000, 0x0000000706d00000|  0%| F|  |TAMS 0x0000000706c00000, 0x0000000706c00000| Untracked 
|  97|0x0000000706d00000, 0x0000000706d00000, 0x0000000706e00000|  0%| F|  |TAMS 0x0000000706d00000, 0x0000000706d00000| Untracked 
|  98|0x0000000706e00000, 0x0000000706e00000, 0x0000000706f00000|  0%| F|  |TAMS 0x0000000706e00000, 0x0000000706e00000| Untracked 
|  99|0x0000000706f00000, 0x0000000706f00000, 0x0000000707000000|  0%| F|  |TAMS 0x0000000706f00000, 0x0000000706f00000| Untracked 
| 100|0x0000000707000000, 0x0000000707000000, 0x0000000707100000|  0%| F|  |TAMS 0x0000000707000000, 0x0000000707000000| Untracked 
| 101|0x0000000707100000, 0x0000000707100000, 0x0000000707200000|  0%| F|  |TAMS 0x0000000707100000, 0x0000000707100000| Untracked 
| 102|0x0000000707200000, 0x0000000707200000, 0x0000000707300000|  0%| F|  |TAMS 0x0000000707200000, 0x0000000707200000| Untracked 
| 103|0x0000000707300000, 0x0000000707300000, 0x0000000707400000|  0%| F|  |TAMS 0x0000000707300000, 0x0000000707300000| Untracked 
| 104|0x0000000707400000, 0x0000000707400000, 0x0000000707500000|  0%| F|  |TAMS 0x0000000707400000, 0x0000000707400000| Untracked 
| 105|0x0000000707500000, 0x0000000707500000, 0x0000000707600000|  0%| F|  |TAMS 0x0000000707500000, 0x0000000707500000| Untracked 
| 106|0x0000000707600000, 0x0000000707600000, 0x0000000707700000|  0%| F|  |TAMS 0x0000000707600000, 0x0000000707600000| Untracked 
| 107|0x0000000707700000, 0x0000000707700000, 0x0000000707800000|  0%| F|  |TAMS 0x0000000707700000, 0x0000000707700000| Untracked 
| 108|0x0000000707800000, 0x0000000707800000, 0x0000000707900000|  0%| F|  |TAMS 0x0000000707800000, 0x0000000707800000| Untracked 
| 109|0x0000000707900000, 0x0000000707900000, 0x0000000707a00000|  0%| F|  |TAMS 0x0000000707900000, 0x0000000707900000| Untracked 
| 110|0x0000000707a00000, 0x0000000707a00000, 0x0000000707b00000|  0%| F|  |TAMS 0x0000000707a00000, 0x0000000707a00000| Untracked 
| 111|0x0000000707b00000, 0x0000000707b00000, 0x0000000707c00000|  0%| F|  |TAMS 0x0000000707b00000, 0x0000000707b00000| Untracked 
| 112|0x0000000707c00000, 0x0000000707c00000, 0x0000000707d00000|  0%| F|  |TAMS 0x0000000707c00000, 0x0000000707c00000| Untracked 
| 113|0x0000000707d00000, 0x0000000707d00000, 0x0000000707e00000|  0%| F|  |TAMS 0x0000000707d00000, 0x0000000707d00000| Untracked 
| 114|0x0000000707e00000, 0x0000000707e00000, 0x0000000707f00000|  0%| F|  |TAMS 0x0000000707e00000, 0x0000000707e00000| Untracked 
| 115|0x0000000707f00000, 0x0000000707f00000, 0x0000000708000000|  0%| F|  |TAMS 0x0000000707f00000, 0x0000000707f00000| Untracked 
| 116|0x0000000708000000, 0x0000000708000000, 0x0000000708100000|  0%| F|  |TAMS 0x0000000708000000, 0x0000000708000000| Untracked 
| 117|0x0000000708100000, 0x0000000708100000, 0x0000000708200000|  0%| F|  |TAMS 0x0000000708100000, 0x0000000708100000| Untracked 
| 118|0x0000000708200000, 0x0000000708200000, 0x0000000708300000|  0%| F|  |TAMS 0x0000000708200000, 0x0000000708200000| Untracked 
| 119|0x0000000708300000, 0x0000000708300000, 0x0000000708400000|  0%| F|  |TAMS 0x0000000708300000, 0x0000000708300000| Untracked 
| 120|0x0000000708400000, 0x0000000708400000, 0x0000000708500000|  0%| F|  |TAMS 0x0000000708400000, 0x0000000708400000| Untracked 
| 121|0x0000000708500000, 0x0000000708500000, 0x0000000708600000|  0%| F|  |TAMS 0x0000000708500000, 0x0000000708500000| Untracked 
| 122|0x0000000708600000, 0x0000000708600000, 0x0000000708700000|  0%| F|  |TAMS 0x0000000708600000, 0x0000000708600000| Untracked 
| 123|0x0000000708700000, 0x0000000708700000, 0x0000000708800000|  0%| F|  |TAMS 0x0000000708700000, 0x0000000708700000| Untracked 
| 124|0x0000000708800000, 0x0000000708800000, 0x0000000708900000|  0%| F|  |TAMS 0x0000000708800000, 0x0000000708800000| Untracked 
| 125|0x0000000708900000, 0x0000000708900000, 0x0000000708a00000|  0%| F|  |TAMS 0x0000000708900000, 0x0000000708900000| Untracked 
| 126|0x0000000708a00000, 0x0000000708a00000, 0x0000000708b00000|  0%| F|  |TAMS 0x0000000708a00000, 0x0000000708a00000| Untracked 
| 127|0x0000000708b00000, 0x0000000708b00000, 0x0000000708c00000|  0%| F|  |TAMS 0x0000000708b00000, 0x0000000708b00000| Untracked 
| 128|0x0000000708c00000, 0x0000000708c00000, 0x0000000708d00000|  0%| F|  |TAMS 0x0000000708c00000, 0x0000000708c00000| Untracked 
| 129|0x0000000708d00000, 0x0000000708d00000, 0x0000000708e00000|  0%| F|  |TAMS 0x0000000708d00000, 0x0000000708d00000| Untracked 
| 130|0x0000000708e00000, 0x0000000708e00000, 0x0000000708f00000|  0%| F|  |TAMS 0x0000000708e00000, 0x0000000708e00000| Untracked 
| 131|0x0000000708f00000, 0x0000000708f00000, 0x0000000709000000|  0%| F|  |TAMS 0x0000000708f00000, 0x0000000708f00000| Untracked 
| 132|0x0000000709000000, 0x0000000709000000, 0x0000000709100000|  0%| F|  |TAMS 0x0000000709000000, 0x0000000709000000| Untracked 
| 133|0x0000000709100000, 0x0000000709100000, 0x0000000709200000|  0%| F|  |TAMS 0x0000000709100000, 0x0000000709100000| Untracked 
| 134|0x0000000709200000, 0x0000000709200000, 0x0000000709300000|  0%| F|  |TAMS 0x0000000709200000, 0x0000000709200000| Untracked 
| 135|0x0000000709300000, 0x0000000709300000, 0x0000000709400000|  0%| F|  |TAMS 0x0000000709300000, 0x0000000709300000| Untracked 
| 136|0x0000000709400000, 0x0000000709400000, 0x0000000709500000|  0%| F|  |TAMS 0x0000000709400000, 0x0000000709400000| Untracked 
| 137|0x0000000709500000, 0x0000000709500000, 0x0000000709600000|  0%| F|  |TAMS 0x0000000709500000, 0x0000000709500000| Untracked 
| 138|0x0000000709600000, 0x0000000709600000, 0x0000000709700000|  0%| F|  |TAMS 0x0000000709600000, 0x0000000709600000| Untracked 
| 139|0x0000000709700000, 0x0000000709700000, 0x0000000709800000|  0%| F|  |TAMS 0x0000000709700000, 0x0000000709700000| Untracked 
| 140|0x0000000709800000, 0x0000000709800000, 0x0000000709900000|  0%| F|  |TAMS 0x0000000709800000, 0x0000000709800000| Untracked 
| 141|0x0000000709900000, 0x0000000709900000, 0x0000000709a00000|  0%| F|  |TAMS 0x0000000709900000, 0x0000000709900000| Untracked 
| 142|0x0000000709a00000, 0x0000000709a00000, 0x0000000709b00000|  0%| F|  |TAMS 0x0000000709a00000, 0x0000000709a00000| Untracked 
| 143|0x0000000709b00000, 0x0000000709b00000, 0x0000000709c00000|  0%| F|  |TAMS 0x0000000709b00000, 0x0000000709b00000| Untracked 
| 144|0x0000000709c00000, 0x0000000709c00000, 0x0000000709d00000|  0%| F|  |TAMS 0x0000000709c00000, 0x0000000709c00000| Untracked 
| 145|0x0000000709d00000, 0x0000000709d00000, 0x0000000709e00000|  0%| F|  |TAMS 0x0000000709d00000, 0x0000000709d00000| Untracked 
| 146|0x0000000709e00000, 0x0000000709e00000, 0x0000000709f00000|  0%| F|  |TAMS 0x0000000709e00000, 0x0000000709e00000| Untracked 
| 147|0x0000000709f00000, 0x0000000709f00000, 0x000000070a000000|  0%| F|  |TAMS 0x0000000709f00000, 0x0000000709f00000| Untracked 
| 148|0x000000070a000000, 0x000000070a000000, 0x000000070a100000|  0%| F|  |TAMS 0x000000070a000000, 0x000000070a000000| Untracked 
| 149|0x000000070a100000, 0x000000070a100000, 0x000000070a200000|  0%| F|  |TAMS 0x000000070a100000, 0x000000070a100000| Untracked 
| 150|0x000000070a200000, 0x000000070a200000, 0x000000070a300000|  0%| F|  |TAMS 0x000000070a200000, 0x000000070a200000| Untracked 
| 151|0x000000070a300000, 0x000000070a300000, 0x000000070a400000|  0%| F|  |TAMS 0x000000070a300000, 0x000000070a300000| Untracked 
| 152|0x000000070a400000, 0x000000070a400000, 0x000000070a500000|  0%| F|  |TAMS 0x000000070a400000, 0x000000070a400000| Untracked 
| 153|0x000000070a500000, 0x000000070a500000, 0x000000070a600000|  0%| F|  |TAMS 0x000000070a500000, 0x000000070a500000| Untracked 
| 154|0x000000070a600000, 0x000000070a600000, 0x000000070a700000|  0%| F|  |TAMS 0x000000070a600000, 0x000000070a600000| Untracked 
| 155|0x000000070a700000, 0x000000070a700000, 0x000000070a800000|  0%| F|  |TAMS 0x000000070a700000, 0x000000070a700000| Untracked 
| 156|0x000000070a800000, 0x000000070a800000, 0x000000070a900000|  0%| F|  |TAMS 0x000000070a800000, 0x000000070a800000| Untracked 
| 157|0x000000070a900000, 0x000000070a900000, 0x000000070aa00000|  0%| F|  |TAMS 0x000000070a900000, 0x000000070a900000| Untracked 
| 158|0x000000070aa00000, 0x000000070aa00000, 0x000000070ab00000|  0%| F|  |TAMS 0x000000070aa00000, 0x000000070aa00000| Untracked 
| 159|0x000000070ab00000, 0x000000070ab00000, 0x000000070ac00000|  0%| F|  |TAMS 0x000000070ab00000, 0x000000070ab00000| Untracked 
| 160|0x000000070ac00000, 0x000000070ac00000, 0x000000070ad00000|  0%| F|  |TAMS 0x000000070ac00000, 0x000000070ac00000| Untracked 
| 161|0x000000070ad00000, 0x000000070ad00000, 0x000000070ae00000|  0%| F|  |TAMS 0x000000070ad00000, 0x000000070ad00000| Untracked 
| 162|0x000000070ae00000, 0x000000070ae00000, 0x000000070af00000|  0%| F|  |TAMS 0x000000070ae00000, 0x000000070ae00000| Untracked 
| 163|0x000000070af00000, 0x000000070af00000, 0x000000070b000000|  0%| F|  |TAMS 0x000000070af00000, 0x000000070af00000| Untracked 
| 164|0x000000070b000000, 0x000000070b000000, 0x000000070b100000|  0%| F|  |TAMS 0x000000070b000000, 0x000000070b000000| Untracked 
| 165|0x000000070b100000, 0x000000070b100000, 0x000000070b200000|  0%| F|  |TAMS 0x000000070b100000, 0x000000070b100000| Untracked 
| 166|0x000000070b200000, 0x000000070b200000, 0x000000070b300000|  0%| F|  |TAMS 0x000000070b200000, 0x000000070b200000| Untracked 
| 167|0x000000070b300000, 0x000000070b300000, 0x000000070b400000|  0%| F|  |TAMS 0x000000070b300000, 0x000000070b300000| Untracked 
| 168|0x000000070b400000, 0x000000070b400000, 0x000000070b500000|  0%| F|  |TAMS 0x000000070b400000, 0x000000070b400000| Untracked 
| 169|0x000000070b500000, 0x000000070b500000, 0x000000070b600000|  0%| F|  |TAMS 0x000000070b500000, 0x000000070b500000| Untracked 
| 170|0x000000070b600000, 0x000000070b600000, 0x000000070b700000|  0%| F|  |TAMS 0x000000070b600000, 0x000000070b600000| Untracked 
| 171|0x000000070b700000, 0x000000070b700000, 0x000000070b800000|  0%| F|  |TAMS 0x000000070b700000, 0x000000070b700000| Untracked 
| 172|0x000000070b800000, 0x000000070b800000, 0x000000070b900000|  0%| F|  |TAMS 0x000000070b800000, 0x000000070b800000| Untracked 
| 173|0x000000070b900000, 0x000000070b900000, 0x000000070ba00000|  0%| F|  |TAMS 0x000000070b900000, 0x000000070b900000| Untracked 
| 174|0x000000070ba00000, 0x000000070ba00000, 0x000000070bb00000|  0%| F|  |TAMS 0x000000070ba00000, 0x000000070ba00000| Untracked 
| 175|0x000000070bb00000, 0x000000070bb00000, 0x000000070bc00000|  0%| F|  |TAMS 0x000000070bb00000, 0x000000070bb00000| Untracked 
| 176|0x000000070bc00000, 0x000000070bc00000, 0x000000070bd00000|  0%| F|  |TAMS 0x000000070bc00000, 0x000000070bc00000| Untracked 
| 177|0x000000070bd00000, 0x000000070bd00000, 0x000000070be00000|  0%| F|  |TAMS 0x000000070bd00000, 0x000000070bd00000| Untracked 
| 178|0x000000070be00000, 0x000000070be00000, 0x000000070bf00000|  0%| F|  |TAMS 0x000000070be00000, 0x000000070be00000| Untracked 
| 179|0x000000070bf00000, 0x000000070bf00000, 0x000000070c000000|  0%| F|  |TAMS 0x000000070bf00000, 0x000000070bf00000| Untracked 
| 180|0x000000070c000000, 0x000000070c000000, 0x000000070c100000|  0%| F|  |TAMS 0x000000070c000000, 0x000000070c000000| Untracked 
| 181|0x000000070c100000, 0x000000070c100000, 0x000000070c200000|  0%| F|  |TAMS 0x000000070c100000, 0x000000070c100000| Untracked 
| 182|0x000000070c200000, 0x000000070c200000, 0x000000070c300000|  0%| F|  |TAMS 0x000000070c200000, 0x000000070c200000| Untracked 
| 183|0x000000070c300000, 0x000000070c300000, 0x000000070c400000|  0%| F|  |TAMS 0x000000070c300000, 0x000000070c300000| Untracked 
| 184|0x000000070c400000, 0x000000070c400000, 0x000000070c500000|  0%| F|  |TAMS 0x000000070c400000, 0x000000070c400000| Untracked 
| 185|0x000000070c500000, 0x000000070c500000, 0x000000070c600000|  0%| F|  |TAMS 0x000000070c500000, 0x000000070c500000| Untracked 
| 186|0x000000070c600000, 0x000000070c600000, 0x000000070c700000|  0%| F|  |TAMS 0x000000070c600000, 0x000000070c600000| Untracked 
| 187|0x000000070c700000, 0x000000070c700000, 0x000000070c800000|  0%| F|  |TAMS 0x000000070c700000, 0x000000070c700000| Untracked 
| 188|0x000000070c800000, 0x000000070c800000, 0x000000070c900000|  0%| F|  |TAMS 0x000000070c800000, 0x000000070c800000| Untracked 
| 189|0x000000070c900000, 0x000000070c900000, 0x000000070ca00000|  0%| F|  |TAMS 0x000000070c900000, 0x000000070c900000| Untracked 
| 190|0x000000070ca00000, 0x000000070ca00000, 0x000000070cb00000|  0%| F|  |TAMS 0x000000070ca00000, 0x000000070ca00000| Untracked 
| 191|0x000000070cb00000, 0x000000070cb00000, 0x000000070cc00000|  0%| F|  |TAMS 0x000000070cb00000, 0x000000070cb00000| Untracked 
| 192|0x000000070cc00000, 0x000000070cc00000, 0x000000070cd00000|  0%| F|  |TAMS 0x000000070cc00000, 0x000000070cc00000| Untracked 
| 193|0x000000070cd00000, 0x000000070cd00000, 0x000000070ce00000|  0%| F|  |TAMS 0x000000070cd00000, 0x000000070cd00000| Untracked 
| 194|0x000000070ce00000, 0x000000070ce00000, 0x000000070cf00000|  0%| F|  |TAMS 0x000000070ce00000, 0x000000070ce00000| Untracked 
| 195|0x000000070cf00000, 0x000000070cf00000, 0x000000070d000000|  0%| F|  |TAMS 0x000000070cf00000, 0x000000070cf00000| Untracked 
| 196|0x000000070d000000, 0x000000070d000000, 0x000000070d100000|  0%| F|  |TAMS 0x000000070d000000, 0x000000070d000000| Untracked 
| 197|0x000000070d100000, 0x000000070d100000, 0x000000070d200000|  0%| F|  |TAMS 0x000000070d100000, 0x000000070d100000| Untracked 
| 198|0x000000070d200000, 0x000000070d200000, 0x000000070d300000|  0%| F|  |TAMS 0x000000070d200000, 0x000000070d200000| Untracked 
| 199|0x000000070d300000, 0x000000070d300000, 0x000000070d400000|  0%| F|  |TAMS 0x000000070d300000, 0x000000070d300000| Untracked 
| 200|0x000000070d400000, 0x000000070d400000, 0x000000070d500000|  0%| F|  |TAMS 0x000000070d400000, 0x000000070d400000| Untracked 
| 201|0x000000070d500000, 0x000000070d500000, 0x000000070d600000|  0%| F|  |TAMS 0x000000070d500000, 0x000000070d500000| Untracked 
| 202|0x000000070d600000, 0x000000070d600000, 0x000000070d700000|  0%| F|  |TAMS 0x000000070d600000, 0x000000070d600000| Untracked 
| 203|0x000000070d700000, 0x000000070d700000, 0x000000070d800000|  0%| F|  |TAMS 0x000000070d700000, 0x000000070d700000| Untracked 
| 204|0x000000070d800000, 0x000000070d800000, 0x000000070d900000|  0%| F|  |TAMS 0x000000070d800000, 0x000000070d800000| Untracked 
| 205|0x000000070d900000, 0x000000070d900000, 0x000000070da00000|  0%| F|  |TAMS 0x000000070d900000, 0x000000070d900000| Untracked 
| 206|0x000000070da00000, 0x000000070da00000, 0x000000070db00000|  0%| F|  |TAMS 0x000000070da00000, 0x000000070da00000| Untracked 
| 207|0x000000070db00000, 0x000000070db00000, 0x000000070dc00000|  0%| F|  |TAMS 0x000000070db00000, 0x000000070db00000| Untracked 
| 208|0x000000070dc00000, 0x000000070dc00000, 0x000000070dd00000|  0%| F|  |TAMS 0x000000070dc00000, 0x000000070dc00000| Untracked 
| 209|0x000000070dd00000, 0x000000070dd00000, 0x000000070de00000|  0%| F|  |TAMS 0x000000070dd00000, 0x000000070dd00000| Untracked 
| 210|0x000000070de00000, 0x000000070de00000, 0x000000070df00000|  0%| F|  |TAMS 0x000000070de00000, 0x000000070de00000| Untracked 
| 211|0x000000070df00000, 0x000000070df00000, 0x000000070e000000|  0%| F|  |TAMS 0x000000070df00000, 0x000000070df00000| Untracked 
| 212|0x000000070e000000, 0x000000070e000000, 0x000000070e100000|  0%| F|  |TAMS 0x000000070e000000, 0x000000070e000000| Untracked 
| 213|0x000000070e100000, 0x000000070e100000, 0x000000070e200000|  0%| F|  |TAMS 0x000000070e100000, 0x000000070e100000| Untracked 
| 214|0x000000070e200000, 0x000000070e200000, 0x000000070e300000|  0%| F|  |TAMS 0x000000070e200000, 0x000000070e200000| Untracked 
| 215|0x000000070e300000, 0x000000070e300000, 0x000000070e400000|  0%| F|  |TAMS 0x000000070e300000, 0x000000070e300000| Untracked 
| 216|0x000000070e400000, 0x000000070e400000, 0x000000070e500000|  0%| F|  |TAMS 0x000000070e400000, 0x000000070e400000| Untracked 
| 217|0x000000070e500000, 0x000000070e500000, 0x000000070e600000|  0%| F|  |TAMS 0x000000070e500000, 0x000000070e500000| Untracked 
| 218|0x000000070e600000, 0x000000070e600000, 0x000000070e700000|  0%| F|  |TAMS 0x000000070e600000, 0x000000070e600000| Untracked 
| 219|0x000000070e700000, 0x000000070e700000, 0x000000070e800000|  0%| F|  |TAMS 0x000000070e700000, 0x000000070e700000| Untracked 
| 220|0x000000070e800000, 0x000000070e800000, 0x000000070e900000|  0%| F|  |TAMS 0x000000070e800000, 0x000000070e800000| Untracked 
| 221|0x000000070e900000, 0x000000070e900000, 0x000000070ea00000|  0%| F|  |TAMS 0x000000070e900000, 0x000000070e900000| Untracked 
| 222|0x000000070ea00000, 0x000000070ea00000, 0x000000070eb00000|  0%| F|  |TAMS 0x000000070ea00000, 0x000000070ea00000| Untracked 
| 223|0x000000070eb00000, 0x000000070eb00000, 0x000000070ec00000|  0%| F|  |TAMS 0x000000070eb00000, 0x000000070eb00000| Untracked 
| 224|0x000000070ec00000, 0x000000070ec00000, 0x000000070ed00000|  0%| F|  |TAMS 0x000000070ec00000, 0x000000070ec00000| Untracked 
| 225|0x000000070ed00000, 0x000000070ed00000, 0x000000070ee00000|  0%| F|  |TAMS 0x000000070ed00000, 0x000000070ed00000| Untracked 
| 226|0x000000070ee00000, 0x000000070ee00000, 0x000000070ef00000|  0%| F|  |TAMS 0x000000070ee00000, 0x000000070ee00000| Untracked 
| 227|0x000000070ef00000, 0x000000070ef00000, 0x000000070f000000|  0%| F|  |TAMS 0x000000070ef00000, 0x000000070ef00000| Untracked 
| 228|0x000000070f000000, 0x000000070f000000, 0x000000070f100000|  0%| F|  |TAMS 0x000000070f000000, 0x000000070f000000| Untracked 
| 229|0x000000070f100000, 0x000000070f100000, 0x000000070f200000|  0%| F|  |TAMS 0x000000070f100000, 0x000000070f100000| Untracked 
| 230|0x000000070f200000, 0x000000070f200000, 0x000000070f300000|  0%| F|  |TAMS 0x000000070f200000, 0x000000070f200000| Untracked 
| 231|0x000000070f300000, 0x000000070f300000, 0x000000070f400000|  0%| F|  |TAMS 0x000000070f300000, 0x000000070f300000| Untracked 
| 232|0x000000070f400000, 0x000000070f400000, 0x000000070f500000|  0%| F|  |TAMS 0x000000070f400000, 0x000000070f400000| Untracked 
| 233|0x000000070f500000, 0x000000070f500000, 0x000000070f600000|  0%| F|  |TAMS 0x000000070f500000, 0x000000070f500000| Untracked 
| 234|0x000000070f600000, 0x000000070f600000, 0x000000070f700000|  0%| F|  |TAMS 0x000000070f600000, 0x000000070f600000| Untracked 
| 235|0x000000070f700000, 0x000000070f700000, 0x000000070f800000|  0%| F|  |TAMS 0x000000070f700000, 0x000000070f700000| Untracked 
| 236|0x000000070f800000, 0x000000070f800000, 0x000000070f900000|  0%| F|  |TAMS 0x000000070f800000, 0x000000070f800000| Untracked 
| 237|0x000000070f900000, 0x000000070f900000, 0x000000070fa00000|  0%| F|  |TAMS 0x000000070f900000, 0x000000070f900000| Untracked 
| 238|0x000000070fa00000, 0x000000070fa00000, 0x000000070fb00000|  0%| F|  |TAMS 0x000000070fa00000, 0x000000070fa00000| Untracked 
| 239|0x000000070fb00000, 0x000000070fb00000, 0x000000070fc00000|  0%| F|  |TAMS 0x000000070fb00000, 0x000000070fb00000| Untracked 
| 240|0x000000070fc00000, 0x000000070fc00000, 0x000000070fd00000|  0%| F|  |TAMS 0x000000070fc00000, 0x000000070fc00000| Untracked 
| 241|0x000000070fd00000, 0x000000070fd00000, 0x000000070fe00000|  0%| F|  |TAMS 0x000000070fd00000, 0x000000070fd00000| Untracked 
| 242|0x000000070fe00000, 0x000000070fe00000, 0x000000070ff00000|  0%| F|  |TAMS 0x000000070fe00000, 0x000000070fe00000| Untracked 
| 243|0x000000070ff00000, 0x000000070ff00000, 0x0000000710000000|  0%| F|  |TAMS 0x000000070ff00000, 0x000000070ff00000| Untracked 
| 244|0x0000000710000000, 0x0000000710000000, 0x0000000710100000|  0%| F|  |TAMS 0x0000000710000000, 0x0000000710000000| Untracked 
| 245|0x0000000710100000, 0x0000000710100000, 0x0000000710200000|  0%| F|  |TAMS 0x0000000710100000, 0x0000000710100000| Untracked 
| 246|0x0000000710200000, 0x000000071027b620, 0x0000000710300000| 48%| E|  |TAMS 0x0000000710200000, 0x0000000710200000| Complete 
| 247|0x0000000710300000, 0x0000000710400000, 0x0000000710400000|100%| E|CS|TAMS 0x0000000710300000, 0x0000000710300000| Complete 
| 248|0x0000000710400000, 0x0000000710500000, 0x0000000710500000|100%| E|CS|TAMS 0x0000000710400000, 0x0000000710400000| Complete 
| 249|0x0000000710500000, 0x0000000710600000, 0x0000000710600000|100%| E|CS|TAMS 0x0000000710500000, 0x0000000710500000| Complete 
| 250|0x0000000710600000, 0x0000000710700000, 0x0000000710700000|100%| E|CS|TAMS 0x0000000710600000, 0x0000000710600000| Complete 
| 251|0x0000000710700000, 0x0000000710800000, 0x0000000710800000|100%| E|CS|TAMS 0x0000000710700000, 0x0000000710700000| Complete 
| 252|0x0000000710800000, 0x0000000710900000, 0x0000000710900000|100%| E|CS|TAMS 0x0000000710800000, 0x0000000710800000| Complete 
| 253|0x0000000710900000, 0x0000000710a00000, 0x0000000710a00000|100%| E|CS|TAMS 0x0000000710900000, 0x0000000710900000| Complete 
| 254|0x0000000710a00000, 0x0000000710b00000, 0x0000000710b00000|100%| E|  |TAMS 0x0000000710a00000, 0x0000000710a00000| Complete 
| 255|0x0000000710b00000, 0x0000000710c00000, 0x0000000710c00000|100%| E|CS|TAMS 0x0000000710b00000, 0x0000000710b00000| Complete 

Card table byte_map: [0x0000018264910000,0x0000018265110000] _byte_map_base: 0x000001826110a000

Marking Bits (Prev, Next): (CMBitMap*) 0x000001824c61be88, (CMBitMap*) 0x000001824c61bec8
 Prev Bits: [0x0000018265910000, 0x00000182698e0000)
 Next Bits: [0x00000182698e0000, 0x000001826d8b0000)

Polling page: 0x000001824a3d0000

Metaspace:

Usage:
  Non-class:      7.68 MB capacity,     7.56 MB ( 98%) used,   101.20 KB (  1%) free+waste,    18.69 KB ( <1%) overhead. 
      Class:   1017.00 KB capacity,   907.63 KB ( 89%) used,    97.18 KB ( 10%) free+waste,    12.19 KB (  1%) overhead. 
       Both:      8.67 MB capacity,     8.45 MB ( 97%) used,   198.38 KB (  2%) free+waste,    30.88 KB ( <1%) overhead. 

Virtual space:
  Non-class space:        8.00 MB reserved,       7.75 MB ( 97%) committed 
      Class space:        1.00 GB reserved,       1.00 MB ( <1%) committed 
             Both:        1.01 GB reserved,       8.75 MB ( <1%) committed 

Chunk freelists:
   Non-Class:  7.00 KB
       Class:  7.00 KB
        Both:  14.00 KB

MaxMetaspaceSize: 17179869184.00 GB
CompressedClassSpaceSize: 1.00 GB

CodeHeap 'non-profiled nmethods': size=120000Kb used=243Kb max_used=243Kb free=119757Kb
 bounds [0x000001825c580000, 0x000001825c7f0000, 0x0000018263ab0000]
CodeHeap 'profiled nmethods': size=120000Kb used=1571Kb max_used=1571Kb free=118428Kb
 bounds [0x0000018255050000, 0x00000182552c0000, 0x000001825c580000]
CodeHeap 'non-nmethods': size=5760Kb used=1364Kb max_used=1381Kb free=4395Kb
 bounds [0x0000018254ab0000, 0x0000018254d20000, 0x0000018255050000]
 total_blobs=1901 nmethods=839 adapters=583
 compilation: enabled
              stopped_count=0, restarted_count=0
 full_count=0

Compilation events (20 events):
Event: 462.090 Thread 0x0000018270f16000 nmethod 831 0x000001825c5b9390 code [0x000001825c5b9520, 0x000001825c5b95b8]
Event: 466.004 Thread 0x0000018270f16000  832       4       java.util.Arrays::copyOf (40 bytes)
Event: 466.006 Thread 0x0000018270f16000 nmethod 832 0x000001825c5b9690 code [0x000001825c5b9820, 0x000001825c5b9cd8]
Event: 534.903 Thread 0x0000018270f16000  833       4       java.util.ArrayList::toArray (57 bytes)
Event: 534.905 Thread 0x0000018270f16000 nmethod 833 0x000001825c5b9f10 code [0x000001825c5ba0a0, 0x000001825c5ba3f8]
Event: 539.621 Thread 0x0000018270f16000  834       4       sun.java2d.d3d.D3DSurfaceData$D3DWindowSurfaceData::isDirty (18 bytes)
Event: 539.622 Thread 0x0000018270f16000 nmethod 834 0x000001825c5ba590 code [0x000001825c5ba720, 0x000001825c5ba7f8]
Event: 547.842 Thread 0x0000018270f16000  835       4       java.util.ArrayList::toArray (57 bytes)
Event: 547.845 Thread 0x0000018270f16000 nmethod 835 0x000001825c5ba910 code [0x000001825c5baaa0, 0x000001825c5baf18]
Event: 3430.048 Thread 0x0000018270f21000  836 % !   3       sun.java2d.d3d.D3DScreenUpdateManager::run @ 0 (267 bytes)
Event: 3430.050 Thread 0x0000018270f21000 nmethod 836% 0x00000182551cdd90 code [0x00000182551ce1a0, 0x00000182551d0a20]
Event: 3481.420 Thread 0x0000018270f21000  837   !   3       sun.java2d.d3d.D3DScreenUpdateManager::run (267 bytes)
Event: 3481.421 Thread 0x0000018270f21000 nmethod 837 0x00000182551d1910 code [0x00000182551d1d20, 0x00000182551d4520]
Event: 3584.139 Thread 0x0000018270f16000  838       4       sun.java2d.StateTrackableDelegate$1::isCurrent (17 bytes)
Event: 3584.140 Thread 0x0000018270f16000 nmethod 838 0x000001825c5bb090 code [0x000001825c5bb220, 0x000001825c5bb2d8]
Event: 3892.318 Thread 0x0000018270f21000  839 % !   3       sun.java2d.d3d.D3DScreenUpdateManager::run @ 105 (267 bytes)
Event: 3892.319 Thread 0x0000018270f21000 nmethod 839% 0x00000182551d5390 code [0x00000182551d57a0, 0x00000182551d8060]
Event: 5484.315 Thread 0x0000018270f16000  840 % !   4       sun.java2d.d3d.D3DScreenUpdateManager::run @ 0 (267 bytes)
Event: 5484.324 Thread 0x0000018270f16000 nmethod 840% 0x000001825c5bb390 code [0x000001825c5bb580, 0x000001825c5bc518]
Event: 5535.684 Thread 0x0000018270f16000  841 % !   4       sun.java2d.d3d.D3DScreenUpdateManager::run @ 105 (267 bytes)

GC Heap History (0 events):
No events

Deoptimization events (20 events):
Event: 0.033 Thread 0x000001824c5af800 DEOPT PACKING pc=0x000001825c584f34 sp=0x000000626fdfdd70
Event: 0.033 Thread 0x000001824c5af800 DEOPT UNPACKING pc=0x0000018254af912f sp=0x000000626fdfdd00 mode 2
Event: 453.158 Thread 0x00000182715c9800 Uncommon trap: trap_request=0xffffffcc fr.pc=0x000001825c5b8f0c relative=0x000000000000024c
Event: 453.158 Thread 0x00000182715c9800 Uncommon trap: reason=intrinsic_or_type_checked_inlining action=make_not_entrant pc=0x000001825c5b8f0c method=java.util.Arrays.copyOf([Ljava/lang/Object;ILjava/lang/Class;)[Ljava/lang/Object; @ 35 c2
Event: 453.158 Thread 0x00000182715c9800 DEOPT PACKING pc=0x000001825c5b8f0c sp=0x00000062725ff120
Event: 453.158 Thread 0x00000182715c9800 DEOPT UNPACKING pc=0x0000018254af912f sp=0x00000062725ff0b0 mode 2
Event: 535.004 Thread 0x00000182715c9800 Uncommon trap: trap_request=0xffffffdc fr.pc=0x000001825c5ba244 relative=0x00000000000001a4
Event: 535.004 Thread 0x00000182715c9800 Uncommon trap: reason=class_check action=make_not_entrant pc=0x000001825c5ba244 method=java.util.ArrayList.toArray([Ljava/lang/Object;)[Ljava/lang/Object; @ 21 c2
Event: 535.004 Thread 0x00000182715c9800 DEOPT PACKING pc=0x000001825c5ba244 sp=0x00000062725ff180
Event: 535.004 Thread 0x00000182715c9800 DEOPT UNPACKING pc=0x0000018254af912f sp=0x00000062725ff140 mode 2
Event: 3840.968 Thread 0x00000182715c9800 DEOPT PACKING pc=0x00000182551d078d sp=0x00000062725ff160
Event: 3840.968 Thread 0x00000182715c9800 DEOPT UNPACKING pc=0x0000018254af964e sp=0x00000062725fe6d0 mode 0
Event: 4251.773 Thread 0x00000182715c9800 DEOPT PACKING pc=0x00000182551d7d71 sp=0x00000062725ff150
Event: 4251.773 Thread 0x00000182715c9800 DEOPT UNPACKING pc=0x0000018254af964e sp=0x00000062725fe6d0 mode 0
Event: 4662.538 Thread 0x00000182715c9800 DEOPT PACKING pc=0x00000182551d078d sp=0x00000062725ff160
Event: 4662.538 Thread 0x00000182715c9800 DEOPT UNPACKING pc=0x0000018254af964e sp=0x00000062725fe6d0 mode 0
Event: 5073.555 Thread 0x00000182715c9800 DEOPT PACKING pc=0x00000182551d7d71 sp=0x00000062725ff150
Event: 5073.555 Thread 0x00000182715c9800 DEOPT UNPACKING pc=0x0000018254af964e sp=0x00000062725fe6d0 mode 0
Event: 5484.315 Thread 0x00000182715c9800 DEOPT PACKING pc=0x00000182551d078d sp=0x00000062725ff160
Event: 5484.315 Thread 0x00000182715c9800 DEOPT UNPACKING pc=0x0000018254af964e sp=0x00000062725fe6d0 mode 0

Classes unloaded (0 events):
No events

Classes redefined (0 events):
No events

Internal exceptions (12 events):
Event: 0.051 Thread 0x000001824c5af800 Exception <a 'java/lang/ClassNotFoundException'{0x0000000710a4f6a0}: sun/awt/resources/spi/awtProvider> (0x0000000710a4f6a0) 
thrown [t:/workspace/open/src/hotspot/share/classfile/systemDictionary.cpp, line 232]
Event: 0.065 Thread 0x000001824c5af800 Exception <a 'java/io/FileNotFoundException'{0x0000000710aa4dd8}> (0x0000000710aa4dd8) 
thrown [t:/workspace/open/src/hotspot/share/prims/jni.cpp, line 598]
Event: 0.070 Thread 0x000001824c5af800 Exception <a 'java/io/FileNotFoundException'{0x0000000710acb448}> (0x0000000710acb448) 
thrown [t:/workspace/open/src/hotspot/share/prims/jni.cpp, line 598]
Event: 0.678 Thread 0x000001827172e000 Exception <a 'java/lang/NoSuchMethodError'{0x0000000710783f28}: 'void java.lang.invoke.DirectMethodHandle$Holder.invokeSpecial(java.lang.Object, java.lang.Object)'> (0x0000000710783f28) 
thrown [t:/workspace/open/src/hotspot/share/interpreter/linkResolver.cpp, line 767]
Event: 0.779 Thread 0x000001824c5af800 Exception <a 'java/lang/NoSuchMethodError'{0x000000071063a6b0}: 'java.lang.Object java.lang.invoke.DirectMethodHandle$Holder.invokeStatic(java.lang.Object, int, java.lang.Object, java.lang.Object, java.lang.Object, java.lang.Object)'> (0x000000071063a6b0) 
thrown [t:/workspace/open/src/hotspot/share/interpreter/linkResolver.cpp, line 767]
Event: 0.780 Thread 0x000001824c5af800 Exception <a 'java/lang/NoSuchMethodError'{0x0000000710641010}: 'java.lang.Object java.lang.invoke.DirectMethodHandle$Holder.invokeStatic(java.lang.Object, int, java.lang.Object, java.lang.Object, java.lang.Object)'> (0x0000000710641010) 
thrown [t:/workspace/open/src/hotspot/share/interpreter/linkResolver.cpp, line 767]
Event: 0.780 Thread 0x000001824c5af800 Exception <a 'java/lang/NoSuchMethodError'{0x0000000710644878}: 'java.lang.Object java.lang.invoke.DirectMethodHandle$Holder.invokeSpecial(java.lang.Object, java.lang.Object, int, java.lang.Object, java.lang.Object, java.lang.Object)'> (0x0000000710644878) 
thrown [t:/workspace/open/src/hotspot/share/interpreter/linkResolver.cpp, line 767]
Event: 0.782 Thread 0x000001824c5af800 Exception <a 'java/lang/NoSuchMethodError'{0x000000071065aba0}: 'java.lang.Object java.lang.invoke.DirectMethodHandle$Holder.invokeStatic(java.lang.Object, int, java.lang.Object)'> (0x000000071065aba0) 
thrown [t:/workspace/open/src/hotspot/share/interpreter/linkResolver.cpp, line 767]
Event: 0.793 Thread 0x000001824c5af800 Exception <a 'java/lang/ClassNotFoundException'{0x00000007106fe0a0}: com/sun/swing/internal/plaf/metal/resources/spi/metalProvider> (0x00000007106fe0a0) 
thrown [t:/workspace/open/src/hotspot/share/classfile/systemDictionary.cpp, line 232]
Event: 0.793 Thread 0x000001824c5af800 Exception <a 'java/lang/ClassNotFoundException'{0x00000007105025f8}: com/sun/swing/internal/plaf/basic/resources/spi/basicProvider> (0x00000007105025f8) 
thrown [t:/workspace/open/src/hotspot/share/classfile/systemDictionary.cpp, line 232]
Event: 0.813 Thread 0x000001824c5af800 Exception <a 'java/lang/NoSuchMethodError'{0x0000000710542058}: 'void java.lang.invoke.DirectMethodHandle$Holder.invokeStaticInit(java.lang.Object)'> (0x0000000710542058) 
thrown [t:/workspace/open/src/hotspot/share/interpreter/linkResolver.cpp, line 767]
Event: 0.827 Thread 0x000001824c5af800 Exception <a 'java/lang/NoSuchMethodError'{0x0000000710414018}: 'java.lang.Object java.lang.invoke.Invokers$Holder.linkToTargetMethod(java.lang.Object, int, java.lang.Object)'> (0x0000000710414018) 
thrown [t:/workspace/open/src/hotspot/share/interpreter/linkResolver.cpp, line 767]

Events (20 events):
Event: 4.680 loading class sun/nio/cs/StreamDecoder
Event: 4.680 loading class sun/nio/cs/StreamDecoder done
Event: 4.680 loading class triangle
Event: 4.680 loading class triangle done
Event: 4.681 loading class java/io/FileOutputStream$1
Event: 4.681 loading class java/io/FileOutputStream$1 done
Event: 4.681 loading class vertex
Event: 4.681 loading class vertex done
Event: 4.682 loading class edge
Event: 4.682 loading class edge done
Event: 4.683 loading class java/lang/Throwable$WrappedPrintStream
Event: 4.683 loading class java/lang/Throwable$PrintStreamOrWriter
Event: 4.683 loading class java/lang/Throwable$PrintStreamOrWriter done
Event: 4.683 loading class java/lang/Throwable$WrappedPrintStream done
Event: 4.683 Thread 0x000001824c5af800 Thread exited: 0x000001824c5af800
Event: 4.684 Thread 0x000001824c5af800 Thread added: 0x000001824c5af800
Event: 2527.420 loading class java/awt/desktop/SystemSleepListener
Event: 2527.420 loading class java/awt/desktop/SystemEventListener
Event: 2527.420 loading class java/awt/desktop/SystemEventListener done
Event: 2527.420 loading class java/awt/desktop/SystemSleepListener done


Dynamic libraries:
0x00007ff72dfb0000 - 0x00007ff72dfbf000 	C:\Program Files\Java\jdk-13.0.2\bin\javaw.exe
0x00007ffbc1000000 - 0x00007ffbc11f0000 	C:\Windows\SYSTEM32\ntdll.dll
0x00007ffbc00a0000 - 0x00007ffbc0152000 	C:\Windows\System32\KERNEL32.DLL
0x00007ffbbea90000 - 0x00007ffbbed33000 	C:\Windows\System32\KERNELBASE.dll
0x00007ffbbe990000 - 0x00007ffbbea8a000 	C:\Windows\System32\ucrtbase.dll
0x00007ffb83dc0000 - 0x00007ffb83dd8000 	C:\Program Files\Java\jdk-13.0.2\bin\jli.dll
0x00007ffb8e940000 - 0x00007ffb8e955000 	C:\Program Files\Java\jdk-13.0.2\bin\VCRUNTIME140.dll
0x00007ffbbfda0000 - 0x00007ffbbfe43000 	C:\Windows\System32\ADVAPI32.dll
0x00007ffbc01c0000 - 0x00007ffbc025e000 	C:\Windows\System32\msvcrt.dll
0x00007ffbc0260000 - 0x00007ffbc02f7000 	C:\Windows\System32\sechost.dll
0x00007ffbbfba0000 - 0x00007ffbbfcc0000 	C:\Windows\System32\RPCRT4.dll
0x00007ffbc06d0000 - 0x00007ffbc0864000 	C:\Windows\System32\USER32.dll
0x00007ffbbf080000 - 0x00007ffbbf0a1000 	C:\Windows\System32\win32u.dll
0x00007ffbbf4d0000 - 0x00007ffbbf4f6000 	C:\Windows\System32\GDI32.dll
0x00007ffbab830000 - 0x00007ffbabab5000 	C:\Windows\WinSxS\amd64_microsoft.windows.common-controls_6595b64144ccf1df_6.0.18362.720_none_e6beb5c51314836b\COMCTL32.dll
0x00007ffbbed40000 - 0x00007ffbbeed4000 	C:\Windows\System32\gdi32full.dll
0x00007ffbbe010000 - 0x00007ffbbe0ae000 	C:\Windows\System32\msvcp_win.dll
0x00007ffbc0390000 - 0x00007ffbc06c6000 	C:\Windows\System32\combase.dll
0x00007ffbbdf90000 - 0x00007ffbbe010000 	C:\Windows\System32\bcryptPrimitives.dll
0x00007ffbbc890000 - 0x00007ffbbc89a000 	C:\Windows\SYSTEM32\VERSION.dll
0x00007ffbbf480000 - 0x00007ffbbf4ae000 	C:\Windows\System32\IMM32.DLL
0x00007ffb79150000 - 0x00007ffb791eb000 	C:\Program Files\Java\jdk-13.0.2\bin\msvcp140.dll
0x00007ffb757f0000 - 0x00007ffb7634d000 	C:\Program Files\Java\jdk-13.0.2\bin\server\jvm.dll
0x00007ffbbf4c0000 - 0x00007ffbbf4c8000 	C:\Windows\System32\PSAPI.DLL
0x00007ffba3640000 - 0x00007ffba3649000 	C:\Windows\SYSTEM32\WSOCK32.dll
0x00007ffbbbc00000 - 0x00007ffbbbc24000 	C:\Windows\SYSTEM32\WINMM.dll
0x00007ffbbfcc0000 - 0x00007ffbbfd2f000 	C:\Windows\System32\WS2_32.dll
0x00007ffbbbbd0000 - 0x00007ffbbbbfd000 	C:\Windows\SYSTEM32\winmmbase.dll
0x00007ffbbeee0000 - 0x00007ffbbef2a000 	C:\Windows\System32\cfgmgr32.dll
0x00007ffbbded0000 - 0x00007ffbbdee1000 	C:\Windows\System32\kernel.appcore.dll
0x00007ffba3610000 - 0x00007ffba3620000 	C:\Program Files\Java\jdk-13.0.2\bin\verify.dll
0x00007ffbaac90000 - 0x00007ffbaae84000 	C:\Windows\SYSTEM32\DBGHELP.DLL
0x00007ffbaab30000 - 0x00007ffbaab5a000 	C:\Windows\SYSTEM32\dbgcore.DLL
0x00007ffba35e0000 - 0x00007ffba3606000 	C:\Program Files\Java\jdk-13.0.2\bin\java.dll
0x00007ffba35c0000 - 0x00007ffba35d7000 	C:\Program Files\Java\jdk-13.0.2\bin\zip.dll
0x00007ffba35b0000 - 0x00007ffba35ba000 	C:\Program Files\Java\jdk-13.0.2\bin\jimage.dll
0x00007ffbc08d0000 - 0x00007ffbc0fb5000 	C:\Windows\System32\SHELL32.dll
0x00007ffbbf270000 - 0x00007ffbbf319000 	C:\Windows\System32\shcore.dll
0x00007ffbbe210000 - 0x00007ffbbe990000 	C:\Windows\System32\windows.storage.dll
0x00007ffbbdef0000 - 0x00007ffbbdf13000 	C:\Windows\System32\profapi.dll
0x00007ffbbdf20000 - 0x00007ffbbdf6a000 	C:\Windows\System32\powrprof.dll
0x00007ffbbdec0000 - 0x00007ffbbded0000 	C:\Windows\System32\UMPDC.dll
0x00007ffbc0160000 - 0x00007ffbc01b2000 	C:\Windows\System32\shlwapi.dll
0x00007ffbbe140000 - 0x00007ffbbe157000 	C:\Windows\System32\cryptsp.dll
0x00007ffba3590000 - 0x00007ffba35a9000 	C:\Program Files\Java\jdk-13.0.2\bin\net.dll
0x00007ffbb9b30000 - 0x00007ffbb9c21000 	C:\Windows\SYSTEM32\WINHTTP.dll
0x00007ffbbd6d0000 - 0x00007ffbbd737000 	C:\Windows\system32\mswsock.dll
0x00007ffba3570000 - 0x00007ffba3583000 	C:\Program Files\Java\jdk-13.0.2\bin\nio.dll
0x00007ffb63270000 - 0x00007ffb63409000 	C:\Program Files\Java\jdk-13.0.2\bin\awt.dll
0x00007ffbbfe50000 - 0x00007ffbbff14000 	C:\Windows\System32\OLEAUT32.dll
0x00007ffbbbd30000 - 0x00007ffbbbdbf000 	C:\Windows\SYSTEM32\apphelp.dll
0x00007ffb60120000 - 0x00007ffb63265000 	C:\Users\Ryan\OneDrive\Desktop\opencv\build\java\x64\opencv_java420.dll
0x00007ffbbf320000 - 0x00007ffbbf477000 	C:\Windows\System32\ole32.dll
0x00007ffb86420000 - 0x00007ffb86559000 	C:\Windows\SYSTEM32\MFReadWrite.dll
0x00007ffb94f00000 - 0x00007ffb950fa000 	C:\Windows\SYSTEM32\MFPlat.DLL
0x00007ffb846b0000 - 0x00007ffb84732000 	C:\Windows\SYSTEM32\MF.dll
0x00007ffb7a0c0000 - 0x00007ffb7a4ac000 	C:\Windows\SYSTEM32\MFCORE.DLL
0x00007ffbbef30000 - 0x00007ffbbf079000 	C:\Windows\System32\CRYPT32.dll
0x00007ffbbdf70000 - 0x00007ffbbdf82000 	C:\Windows\System32\MSASN1.dll
0x00007ffbbe0b0000 - 0x00007ffbbe0d6000 	C:\Windows\System32\bcrypt.dll
0x00007ffb8bbb0000 - 0x00007ffb8bbb9000 	C:\Windows\SYSTEM32\ksuser.dll
0x00007ffbbd8a0000 - 0x00007ffbbd8ac000 	C:\Windows\SYSTEM32\CRYPTBASE.DLL
0x00007ffba2f50000 - 0x00007ffba2f7f000 	C:\Windows\SYSTEM32\RTWorkQ.DLL
0x00007ffbbbed0000 - 0x00007ffbbbf69000 	C:\Windows\system32\uxtheme.dll
0x00007ffbbf130000 - 0x00007ffbbf266000 	C:\Windows\System32\MSCTF.dll
0x00007ffbbc470000 - 0x00007ffbbc49d000 	C:\Windows\system32\DWMAPI.DLL
0x00007ffb5ffc0000 - 0x00007ffb60116000 	C:\Windows\system32\opengl32.dll
0x00007ffb7a520000 - 0x00007ffb7a54c000 	C:\Windows\SYSTEM32\GLU32.dll
0x00007ffbbcba0000 - 0x00007ffbbcbc0000 	C:\Windows\SYSTEM32\dxcore.dll
0x00007ffbb4df0000 - 0x00007ffbb4fb7000 	C:\Windows\system32\d3d9.dll
0x00007ffbb4260000 - 0x00007ffbb434f000 	C:\Windows\System32\DriverStore\FileRepository\nv_dispi.inf_amd64_3fbb9bb1983b9ed9\nvldumdx.dll
0x00007ffbb8f30000 - 0x00007ffbb8f5f000 	C:\Windows\SYSTEM32\cryptnet.dll
0x00007ffbbe0e0000 - 0x00007ffbbe13c000 	C:\Windows\System32\WINTRUST.DLL
0x00007ffbbf710000 - 0x00007ffbbf72d000 	C:\Windows\System32\imagehlp.dll
0x00007ffbbd240000 - 0x00007ffbbd273000 	C:\Windows\system32\rsaenh.dll
0x00007ffb5eab0000 - 0x00007ffb5ffb7000 	C:\Windows\System32\DriverStore\FileRepository\nv_dispi.inf_amd64_3fbb9bb1983b9ed9\nvd3dumx.dll
0x00007ffbbcae0000 - 0x00007ffbbcb02000 	C:\Windows\SYSTEM32\gpapi.dll
0x00007ffb745e0000 - 0x00007ffb74662000 	C:\Program Files\Java\jdk-13.0.2\bin\freetype.dll
0x00007ffb5ea00000 - 0x00007ffb5eaa6000 	C:\Program Files\Java\jdk-13.0.2\bin\fontmanager.dll
0x00007ffbb48c0000 - 0x00007ffbb495e000 	C:\Windows\System32\TextInputFramework.dll
0x00007ffbb8b30000 - 0x00007ffbb8e5a000 	C:\Windows\System32\CoreUIComponents.dll
0x00007ffbbb9b0000 - 0x00007ffbbba84000 	C:\Windows\System32\CoreMessaging.dll
0x00007ffbbcf20000 - 0x00007ffbbcf51000 	C:\Windows\SYSTEM32\ntmarta.dll
0x00007ffbb9220000 - 0x00007ffbb9373000 	C:\Windows\SYSTEM32\wintypes.dll
0x00007ffbaee00000 - 0x00007ffbaf0a6000 	C:\Windows\System32\iertutil.dll

dbghelp: loaded successfully - version: 4.0.5 - missing functions: none
symbol engine: initialized successfully - sym options: 0x614 - pdb path: .;C:\Program Files\Java\jdk-13.0.2\bin;C:\Windows\SYSTEM32;C:\Windows\WinSxS\amd64_microsoft.windows.common-controls_6595b64144ccf1df_6.0.18362.720_none_e6beb5c51314836b;C:\Program Files\Java\jdk-13.0.2\bin\server;C:\Users\Ryan\OneDrive\Desktop\opencv\build\java\x64;C:\Windows\System32\DriverStore\FileRepository\nv_dispi.inf_amd64_3fbb9bb1983b9ed9

VM Arguments:
jvm_args: -Djava.library.path=C:\Users\Ryan\OneDrive\Desktop\opencv\build\java\x64 -Dfile.encoding=Cp1252 
java_command: Morphing
java_class_path (initial): C:\Users\Ryan\OneDrive\Desktop\455_morphing\bin;C:\Users\Ryan\OneDrive\Desktop\opencv\build\java\opencv-420.jar
Launcher Type: SUN_STANDARD

[Global flags]
     intx CICompilerCount                          = 4                                         {product} {ergonomic}
     uint ConcGCThreads                            = 3                                         {product} {ergonomic}
     uint G1ConcRefinementThreads                  = 10                                        {product} {ergonomic}
   size_t G1HeapRegionSize                         = 1048576                                   {product} {ergonomic}
    uintx GCDrainStackTargetSize                   = 64                                        {product} {ergonomic}
   size_t InitialHeapSize                          = 268435456                                 {product} {ergonomic}
   size_t MarkStackSize                            = 4194304                                   {product} {ergonomic}
   size_t MaxHeapSize                              = 4282384384                                {product} {ergonomic}
   size_t MaxNewSize                               = 2569011200                                {product} {ergonomic}
   size_t MinHeapDeltaBytes                        = 1048576                                   {product} {ergonomic}
   size_t MinHeapSize                              = 8388608                                   {product} {ergonomic}
    uintx NonNMethodCodeHeapSize                   = 5839372                                {pd product} {ergonomic}
    uintx NonProfiledCodeHeapSize                  = 122909434                              {pd product} {ergonomic}
    uintx ProfiledCodeHeapSize                     = 122909434                              {pd product} {ergonomic}
    uintx ReservedCodeCacheSize                    = 251658240                              {pd product} {ergonomic}
     bool SegmentedCodeCache                       = true                                      {product} {ergonomic}
   size_t SoftMaxHeapSize                          = 4282384384                             {manageable} {ergonomic}
     bool UseCompressedClassPointers               = true                                 {lp64_product} {ergonomic}
     bool UseCompressedOops                        = true                                 {lp64_product} {ergonomic}
     bool UseG1GC                                  = true                                      {product} {ergonomic}
     bool UseLargePagesIndividualAllocation        = false                                  {pd product} {ergonomic}

Logging:
Log output configuration:
 #0: stdout all=warning uptime,level,tags
 #1: stderr all=off uptime,level,tags

Environment Variables:
PATH=C:/Program Files/Java/jdk-13.0.2/bin/server;C:/Program Files/Java/jdk-13.0.2/bin;C:\Program Files (x86)\Common Files\Oracle\Java\javapath;C:\Windows\system32;C:\Windows;C:\Windows\System32\Wbem;C:\Windows\System32\WindowsPowerShell\v1.0\;C:\Windows\System32\OpenSSH\;C:\Program Files (x86)\NVIDIA Corporation\PhysX\Common;C:\Program Files\Git\cmd;C:\Users\Ryan\AppData\Local\Microsoft\WindowsApps;;C:\Users\Ryan\AppData\Local\Programs\Microsoft VS Code\bin;C:\Users\Ryan\OneDrive\Desktop;
USERNAME=Ryan
OS=Windows_NT
PROCESSOR_IDENTIFIER=AMD64 Family 23 Model 113 Stepping 0, AuthenticAMD



---------------  S Y S T E M  ---------------

OS: Windows 10 , 64 bit Build 18362 (10.0.18362.329)

CPU:total 12 (initial active 12) (12 cores per cpu, 2 threads per core) family 23 model 113 stepping 0, cmov, cx8, fxsr, mmx, sse, sse2, sse3, ssse3, sse4.1, sse4.2, popcnt, avx, avx2, aes, clmul, mmxext, 3dnowpref, lzcnt, sse4a, ht, tsc, tscinvbit, tscinv, bmi1, bmi2, adx, sha, fma

Memory: 4k page, system-wide physical 16334M (6475M free)
TotalPageFile size 65486M (AvailPageFile size 1M)
current process WorkingSet (physical memory assigned to process): 11M, peak: 208M
current process commit charge ("private bytes"): 426M, peak: 524M

vm_info: Java HotSpot(TM) 64-Bit Server VM (13.0.2+8) for windows-amd64 JRE (13.0.2+8), built on Dec 11 2019 09:20:33 by "mach5one" with unknown MS VC++:1916

END.
